[2026-03-02T00:39:05.371+0000] {manager.py:486} INFO - Processing files using up to 2 processes at a time 
[2026-03-02T00:39:05.372+0000] {manager.py:487} INFO - Process each file at most once every 30 seconds
[2026-03-02T00:39:05.372+0000] {manager.py:488} INFO - Checking for new files in /opt/airflow/dags every 300 seconds
[2026-03-02T00:39:05.372+0000] {manager.py:832} INFO - Searching for files in /opt/airflow/dags
[2026-03-02T00:39:05.382+0000] {manager.py:835} INFO - There are 1 files in /opt/airflow/dags
[2026-03-02T00:39:06.754+0000] {manager.py:1008} INFO - 
================================================================================
DAG File Processing Stats

File Path                           PID  Runtime      # DAGs    # Errors  Last Runtime    Last Run      Last # of DB Queries
--------------------------------  -----  ---------  --------  ----------  --------------  ----------  ----------------------
/opt/airflow/dags/weather_ETL.py    225  0.02s             0           0                                                   0
================================================================================
[2026-03-02T00:39:38.074+0000] {manager.py:1008} INFO - 
================================================================================
DAG File Processing Stats

File Path                           PID  Runtime      # DAGs    # Errors  Last Runtime    Last Run               Last # of DB Queries
--------------------------------  -----  ---------  --------  ----------  --------------  -------------------  ----------------------
/opt/airflow/dags/weather_ETL.py    270  0.01s             1           0  1.21s           2026-03-02T00:39:07                      37
================================================================================
[2026-03-02T00:40:09.351+0000] {manager.py:1008} INFO - 
================================================================================
DAG File Processing Stats

File Path                           PID  Runtime      # DAGs    # Errors  Last Runtime    Last Run               Last # of DB Queries
--------------------------------  -----  ---------  --------  ----------  --------------  -------------------  ----------------------
/opt/airflow/dags/weather_ETL.py    282  0.37s             1           0  0.79s           2026-03-02T00:39:38                      37
================================================================================
[2026-03-02T00:40:42.534+0000] {manager.py:1008} INFO - 
================================================================================
DAG File Processing Stats

File Path                         PID    Runtime      # DAGs    # Errors  Last Runtime    Last Run               Last # of DB Queries
--------------------------------  -----  ---------  --------  ----------  --------------  -------------------  ----------------------
/opt/airflow/dags/weather_ETL.py                           1           0  0.64s           2026-03-02T00:40:40                      37
================================================================================
[2026-03-02T00:41:15.680+0000] {manager.py:1008} INFO - 
================================================================================
DAG File Processing Stats

File Path                         PID    Runtime      # DAGs    # Errors  Last Runtime    Last Run               Last # of DB Queries
--------------------------------  -----  ---------  --------  ----------  --------------  -------------------  ----------------------
/opt/airflow/dags/weather_ETL.py                           1           0  0.59s           2026-03-02T00:41:11                      37
================================================================================
[2026-03-02T00:41:48.825+0000] {manager.py:1008} INFO - 
================================================================================
DAG File Processing Stats

File Path                         PID    Runtime      # DAGs    # Errors  Last Runtime    Last Run               Last # of DB Queries
--------------------------------  -----  ---------  --------  ----------  --------------  -------------------  ----------------------
/opt/airflow/dags/weather_ETL.py                           1           0  0.63s           2026-03-02T00:41:43                      37
================================================================================
[2026-03-02T00:42:22.006+0000] {manager.py:1008} INFO - 
================================================================================
DAG File Processing Stats

File Path                         PID    Runtime      # DAGs    # Errors  Last Runtime    Last Run               Last # of DB Queries
--------------------------------  -----  ---------  --------  ----------  --------------  -------------------  ----------------------
/opt/airflow/dags/weather_ETL.py                           1           0  0.74s           2026-03-02T00:42:14                      37
================================================================================
[2026-03-02T00:42:55.255+0000] {manager.py:1008} INFO - 
================================================================================
DAG File Processing Stats

File Path                         PID    Runtime      # DAGs    # Errors  Last Runtime    Last Run               Last # of DB Queries
--------------------------------  -----  ---------  --------  ----------  --------------  -------------------  ----------------------
/opt/airflow/dags/weather_ETL.py                           1           0  0.75s           2026-03-02T00:42:45                      37
================================================================================
[2026-03-02T00:43:26.348+0000] {manager.py:1008} INFO - 
================================================================================
DAG File Processing Stats

File Path                         PID    Runtime      # DAGs    # Errors  Last Runtime    Last Run               Last # of DB Queries
--------------------------------  -----  ---------  --------  ----------  --------------  -------------------  ----------------------
/opt/airflow/dags/weather_ETL.py                           1           0  0.68s           2026-03-02T00:43:16                      37
================================================================================
[2026-03-02T00:43:57.968+0000] {manager.py:1008} INFO - 
================================================================================
DAG File Processing Stats

File Path                         PID    Runtime      # DAGs    # Errors  Last Runtime    Last Run               Last # of DB Queries
--------------------------------  -----  ---------  --------  ----------  --------------  -------------------  ----------------------
/opt/airflow/dags/weather_ETL.py                           1           0  1.42s           2026-03-02T00:43:48                      37
================================================================================
[2026-03-02T00:44:05.407+0000] {manager.py:832} INFO - Searching for files in /opt/airflow/dags
[2026-03-02T00:44:05.418+0000] {manager.py:835} INFO - There are 1 files in /opt/airflow/dags
[2026-03-02T00:44:29.076+0000] {manager.py:1008} INFO - 
================================================================================
DAG File Processing Stats

File Path                         PID    Runtime      # DAGs    # Errors  Last Runtime    Last Run               Last # of DB Queries
--------------------------------  -----  ---------  --------  ----------  --------------  -------------------  ----------------------
/opt/airflow/dags/weather_ETL.py                           1           0  0.78s           2026-03-02T00:44:19                      37
================================================================================
[2026-03-02T00:45:00.181+0000] {manager.py:1008} INFO - 
================================================================================
DAG File Processing Stats

File Path                         PID    Runtime      # DAGs    # Errors  Last Runtime    Last Run               Last # of DB Queries
--------------------------------  -----  ---------  --------  ----------  --------------  -------------------  ----------------------
/opt/airflow/dags/weather_ETL.py                           1           0  1.75s           2026-03-02T00:44:51                      37
================================================================================
[2026-03-02T00:45:33.589+0000] {manager.py:1008} INFO - 
================================================================================
DAG File Processing Stats

File Path                         PID    Runtime      # DAGs    # Errors  Last Runtime    Last Run               Last # of DB Queries
--------------------------------  -----  ---------  --------  ----------  --------------  -------------------  ----------------------
/opt/airflow/dags/weather_ETL.py                           1           0  0.69s           2026-03-02T00:45:22                      37
================================================================================
[2026-03-02T00:46:06.555+0000] {manager.py:1008} INFO - 
================================================================================
DAG File Processing Stats

File Path                         PID    Runtime      # DAGs    # Errors  Last Runtime    Last Run               Last # of DB Queries
--------------------------------  -----  ---------  --------  ----------  --------------  -------------------  ----------------------
/opt/airflow/dags/weather_ETL.py                           1           0  0.61s           2026-03-02T00:45:54                      15
================================================================================
[2026-03-02T00:46:39.916+0000] {manager.py:1008} INFO - 
================================================================================
DAG File Processing Stats

File Path                         PID    Runtime      # DAGs    # Errors  Last Runtime    Last Run               Last # of DB Queries
--------------------------------  -----  ---------  --------  ----------  --------------  -------------------  ----------------------
/opt/airflow/dags/weather_ETL.py                           1           0  1.04s           2026-03-02T00:46:26                      15
================================================================================
[2026-03-02T00:47:12.777+0000] {manager.py:1008} INFO - 
================================================================================
DAG File Processing Stats

File Path                         PID    Runtime      # DAGs    # Errors  Last Runtime    Last Run               Last # of DB Queries
--------------------------------  -----  ---------  --------  ----------  --------------  -------------------  ----------------------
/opt/airflow/dags/weather_ETL.py                           1           0  0.67s           2026-03-02T00:46:59                      15
================================================================================
[2026-03-02T00:47:45.622+0000] {manager.py:1008} INFO - 
================================================================================
DAG File Processing Stats

File Path                         PID    Runtime      # DAGs    # Errors  Last Runtime    Last Run               Last # of DB Queries
--------------------------------  -----  ---------  --------  ----------  --------------  -------------------  ----------------------
/opt/airflow/dags/weather_ETL.py                           1           0  1.60s           2026-03-02T00:47:32                      15
================================================================================
[2026-03-02T00:48:17.141+0000] {manager.py:1008} INFO - 
================================================================================
DAG File Processing Stats

File Path                         PID    Runtime      # DAGs    # Errors  Last Runtime    Last Run               Last # of DB Queries
--------------------------------  -----  ---------  --------  ----------  --------------  -------------------  ----------------------
/opt/airflow/dags/weather_ETL.py                           1           0  0.69s           2026-03-02T00:48:03                      15
================================================================================
[2026-03-02T00:48:48.224+0000] {manager.py:1008} INFO - 
================================================================================
DAG File Processing Stats

File Path                         PID    Runtime      # DAGs    # Errors  Last Runtime    Last Run               Last # of DB Queries
--------------------------------  -----  ---------  --------  ----------  --------------  -------------------  ----------------------
/opt/airflow/dags/weather_ETL.py                           1           0  0.72s           2026-03-02T00:48:34                      37
================================================================================
[2026-03-02T00:49:05.961+0000] {manager.py:832} INFO - Searching for files in /opt/airflow/dags
[2026-03-02T00:49:05.970+0000] {manager.py:835} INFO - There are 1 files in /opt/airflow/dags
[2026-03-02T00:49:19.041+0000] {manager.py:1008} INFO - 
================================================================================
DAG File Processing Stats

File Path                         PID    Runtime      # DAGs    # Errors  Last Runtime    Last Run               Last # of DB Queries
--------------------------------  -----  ---------  --------  ----------  --------------  -------------------  ----------------------
/opt/airflow/dags/weather_ETL.py                           1           0  0.89s           2026-03-02T00:49:05                      37
================================================================================
[2026-03-02T00:49:49.644+0000] {manager.py:1008} INFO - 
================================================================================
DAG File Processing Stats

File Path                         PID    Runtime      # DAGs    # Errors  Last Runtime    Last Run               Last # of DB Queries
--------------------------------  -----  ---------  --------  ----------  --------------  -------------------  ----------------------
/opt/airflow/dags/weather_ETL.py                           1           0  0.88s           2026-03-02T00:49:37                      15
================================================================================
[2026-03-02T00:50:22.493+0000] {manager.py:1008} INFO - 
================================================================================
DAG File Processing Stats

File Path                         PID    Runtime      # DAGs    # Errors  Last Runtime    Last Run               Last # of DB Queries
--------------------------------  -----  ---------  --------  ----------  --------------  -------------------  ----------------------
/opt/airflow/dags/weather_ETL.py                           1           0  0.85s           2026-03-02T00:50:08                      37
================================================================================
[2026-03-02T00:50:55.506+0000] {manager.py:1008} INFO - 
================================================================================
DAG File Processing Stats

File Path                         PID    Runtime      # DAGs    # Errors  Last Runtime    Last Run               Last # of DB Queries
--------------------------------  -----  ---------  --------  ----------  --------------  -------------------  ----------------------
/opt/airflow/dags/weather_ETL.py                           1           0  0.67s           2026-03-02T00:50:40                      37
================================================================================
