[2026-03-02T00:13:37.075+0000] {local_task_job_runner.py:123} INFO - ::group::Pre task execution logs
[2026-03-02T00:13:37.089+0000] {taskinstance.py:2612} INFO - Dependencies all met for dep_context=non-requeueable deps ti=<TaskInstance: WeatherData_ETL.load scheduled__2026-02-28T02:30:00+00:00 [queued]>
[2026-03-02T00:13:37.095+0000] {taskinstance.py:2612} INFO - Dependencies all met for dep_context=requeueable deps ti=<TaskInstance: WeatherData_ETL.load scheduled__2026-02-28T02:30:00+00:00 [queued]>
[2026-03-02T00:13:37.095+0000] {taskinstance.py:2865} INFO - Starting attempt 1 of 2
[2026-03-02T00:13:37.106+0000] {taskinstance.py:2888} INFO - Executing <Task(_PythonDecoratedOperator): load> on 2026-02-28 02:30:00+00:00
[2026-03-02T00:13:37.117+0000] {logging_mixin.py:190} WARNING - /home/***/.local/lib/python3.12/site-packages/***/task/task_runner/standard_task_runner.py:70 DeprecationWarning: This process (pid=515) is multi-threaded, use of fork() may lead to deadlocks in the child.
[2026-03-02T00:13:37.118+0000] {standard_task_runner.py:104} INFO - Running: ['***', 'tasks', 'run', 'WeatherData_ETL', 'load', 'scheduled__2026-02-28T02:30:00+00:00', '--job-id', '6', '--raw', '--subdir', 'DAGS_FOLDER/weather_ETL.py', '--cfg-path', '/tmp/tmpa2s34l72']
[2026-03-02T00:13:37.119+0000] {standard_task_runner.py:72} INFO - Started process 523 to run task
[2026-03-02T00:13:37.119+0000] {standard_task_runner.py:105} INFO - Job 6: Subtask load
[2026-03-02T00:13:37.171+0000] {task_command.py:467} INFO - Running <TaskInstance: WeatherData_ETL.load scheduled__2026-02-28T02:30:00+00:00 [running]> on host e252f6fde107
[2026-03-02T00:13:37.237+0000] {taskinstance.py:3131} INFO - Exporting env vars: AIRFLOW_CTX_DAG_EMAIL='natalie.leung@sjsu.com' AIRFLOW_CTX_DAG_OWNER='natleung' AIRFLOW_CTX_DAG_ID='WeatherData_ETL' AIRFLOW_CTX_TASK_ID='load' AIRFLOW_CTX_EXECUTION_DATE='2026-02-28T02:30:00+00:00' AIRFLOW_CTX_TRY_NUMBER='1' AIRFLOW_CTX_DAG_RUN_ID='scheduled__2026-02-28T02:30:00+00:00'
[2026-03-02T00:13:37.238+0000] {taskinstance.py:731} INFO - ::endgroup::
[2026-03-02T00:13:37.565+0000] {cursor.py:1156} INFO - Number of results in first chunk: 1
[2026-03-02T00:13:38.033+0000] {cursor.py:1156} INFO - Number of results in first chunk: 1
[2026-03-02T00:13:40.919+0000] {cursor.py:1156} INFO - Number of results in first chunk: 1
[2026-03-02T00:13:40.920+0000] {logging_mixin.py:190} INFO - Loaded 60 records into raw.weather_data_hw5
[2026-03-02T00:13:40.920+0000] {python.py:240} INFO - Done. Returned value was: None
[2026-03-02T00:13:40.928+0000] {taskinstance.py:340} INFO - ::group::Post task execution logs
[2026-03-02T00:13:40.929+0000] {taskinstance.py:352} INFO - Marking task as SUCCESS. dag_id=WeatherData_ETL, task_id=load, run_id=scheduled__2026-02-28T02:30:00+00:00, execution_date=20260228T023000, start_date=20260302T001337, end_date=20260302T001340
[2026-03-02T00:13:40.983+0000] {local_task_job_runner.py:266} INFO - Task exited with return code 0
[2026-03-02T00:13:40.995+0000] {taskinstance.py:3900} INFO - 0 downstream tasks scheduled from follow-on schedule check
[2026-03-02T00:13:40.997+0000] {local_task_job_runner.py:245} INFO - ::endgroup::
[2026-03-02T00:29:37.180+0000] {local_task_job_runner.py:123} INFO - ::group::Pre task execution logs
[2026-03-02T00:29:37.191+0000] {taskinstance.py:2612} INFO - Dependencies all met for dep_context=non-requeueable deps ti=<TaskInstance: WeatherData_ETL.load scheduled__2026-02-28T02:30:00+00:00 [queued]>
[2026-03-02T00:29:37.196+0000] {taskinstance.py:2612} INFO - Dependencies all met for dep_context=requeueable deps ti=<TaskInstance: WeatherData_ETL.load scheduled__2026-02-28T02:30:00+00:00 [queued]>
[2026-03-02T00:29:37.196+0000] {taskinstance.py:2865} INFO - Starting attempt 1 of 2
[2026-03-02T00:29:37.203+0000] {taskinstance.py:2888} INFO - Executing <Task(_PythonDecoratedOperator): load> on 2026-02-28 02:30:00+00:00
[2026-03-02T00:29:37.211+0000] {standard_task_runner.py:104} INFO - Running: ['***', 'tasks', 'run', 'WeatherData_ETL', 'load', 'scheduled__2026-02-28T02:30:00+00:00', '--job-id', '4', '--raw', '--subdir', 'DAGS_FOLDER/weather_ETL.py', '--cfg-path', '/tmp/tmp7cniyfpp']
[2026-03-02T00:29:37.211+0000] {logging_mixin.py:190} WARNING - /home/***/.local/lib/python3.12/site-packages/***/task/task_runner/standard_task_runner.py:70 DeprecationWarning: This process (pid=341) is multi-threaded, use of fork() may lead to deadlocks in the child.
[2026-03-02T00:29:37.212+0000] {standard_task_runner.py:105} INFO - Job 4: Subtask load
[2026-03-02T00:29:37.212+0000] {standard_task_runner.py:72} INFO - Started process 344 to run task
[2026-03-02T00:29:37.254+0000] {task_command.py:467} INFO - Running <TaskInstance: WeatherData_ETL.load scheduled__2026-02-28T02:30:00+00:00 [running]> on host 85f52d0223b6
[2026-03-02T00:29:37.315+0000] {taskinstance.py:3131} INFO - Exporting env vars: AIRFLOW_CTX_DAG_EMAIL='natalie.leung@sjsu.com' AIRFLOW_CTX_DAG_OWNER='natleung' AIRFLOW_CTX_DAG_ID='WeatherData_ETL' AIRFLOW_CTX_TASK_ID='load' AIRFLOW_CTX_EXECUTION_DATE='2026-02-28T02:30:00+00:00' AIRFLOW_CTX_TRY_NUMBER='1' AIRFLOW_CTX_DAG_RUN_ID='scheduled__2026-02-28T02:30:00+00:00'
[2026-03-02T00:29:37.316+0000] {taskinstance.py:731} INFO - ::endgroup::
[2026-03-02T00:29:38.563+0000] {cursor.py:1156} INFO - Number of results in first chunk: 1
[2026-03-02T00:29:38.790+0000] {cursor.py:1156} INFO - Number of results in first chunk: 1
[2026-03-02T00:29:41.195+0000] {cursor.py:1156} INFO - Number of results in first chunk: 1
[2026-03-02T00:29:41.196+0000] {logging_mixin.py:190} INFO - Loaded 60 records into raw.weather_data_hw5
[2026-03-02T00:29:41.196+0000] {python.py:240} INFO - Done. Returned value was: None
[2026-03-02T00:29:41.203+0000] {taskinstance.py:340} INFO - ::group::Post task execution logs
[2026-03-02T00:29:41.203+0000] {taskinstance.py:352} INFO - Marking task as SUCCESS. dag_id=WeatherData_ETL, task_id=load, run_id=scheduled__2026-02-28T02:30:00+00:00, execution_date=20260228T023000, start_date=20260302T002937, end_date=20260302T002941
[2026-03-02T00:29:41.237+0000] {local_task_job_runner.py:266} INFO - Task exited with return code 0
[2026-03-02T00:29:41.248+0000] {taskinstance.py:3900} INFO - 0 downstream tasks scheduled from follow-on schedule check
[2026-03-02T00:29:41.250+0000] {local_task_job_runner.py:245} INFO - ::endgroup::
