[2026-03-02T00:40:57.679+0000] {local_task_job_runner.py:123} INFO - ::group::Pre task execution logs
[2026-03-02T00:40:57.689+0000] {taskinstance.py:2612} INFO - Dependencies all met for dep_context=non-requeueable deps ti=<TaskInstance: WeatherData_ETL.load manual__2026-03-02T00:40:52.527974+00:00 [queued]>
[2026-03-02T00:40:57.693+0000] {taskinstance.py:2612} INFO - Dependencies all met for dep_context=requeueable deps ti=<TaskInstance: WeatherData_ETL.load manual__2026-03-02T00:40:52.527974+00:00 [queued]>
[2026-03-02T00:40:57.693+0000] {taskinstance.py:2865} INFO - Starting attempt 1 of 2
[2026-03-02T00:40:57.701+0000] {taskinstance.py:2888} INFO - Executing <Task(_PythonDecoratedOperator): load> on 2026-03-02 00:40:52.527974+00:00
[2026-03-02T00:40:57.709+0000] {standard_task_runner.py:104} INFO - Running: ['***', 'tasks', 'run', 'WeatherData_ETL', 'load', 'manual__2026-03-02T00:40:52.527974+00:00', '--job-id', '11', '--raw', '--subdir', 'DAGS_FOLDER/weather_ETL.py', '--cfg-path', '/tmp/tmpcb1f3xae']
[2026-03-02T00:40:57.711+0000] {standard_task_runner.py:105} INFO - Job 11: Subtask load
[2026-03-02T00:40:57.710+0000] {logging_mixin.py:190} WARNING - /home/***/.local/lib/python3.12/site-packages/***/task/task_runner/standard_task_runner.py:70 DeprecationWarning: This process (pid=314) is multi-threaded, use of fork() may lead to deadlocks in the child.
[2026-03-02T00:40:57.711+0000] {standard_task_runner.py:72} INFO - Started process 317 to run task
[2026-03-02T00:40:57.758+0000] {task_command.py:467} INFO - Running <TaskInstance: WeatherData_ETL.load manual__2026-03-02T00:40:52.527974+00:00 [running]> on host 9c5a1518f55d
[2026-03-02T00:40:57.822+0000] {taskinstance.py:3131} INFO - Exporting env vars: AIRFLOW_CTX_DAG_EMAIL='natalie.leung@sjsu.com' AIRFLOW_CTX_DAG_OWNER='natleung' AIRFLOW_CTX_DAG_ID='WeatherData_ETL' AIRFLOW_CTX_TASK_ID='load' AIRFLOW_CTX_EXECUTION_DATE='2026-03-02T00:40:52.527974+00:00' AIRFLOW_CTX_TRY_NUMBER='1' AIRFLOW_CTX_DAG_RUN_ID='manual__2026-03-02T00:40:52.527974+00:00'
[2026-03-02T00:40:57.824+0000] {taskinstance.py:731} INFO - ::endgroup::
[2026-03-02T00:40:58.095+0000] {cursor.py:1156} INFO - Number of results in first chunk: 1
[2026-03-02T00:40:58.320+0000] {cursor.py:1156} INFO - Number of results in first chunk: 1
[2026-03-02T00:41:01.318+0000] {cursor.py:1156} INFO - Number of results in first chunk: 1
[2026-03-02T00:41:01.319+0000] {logging_mixin.py:190} INFO - Loaded 60 records into raw.weather_data_hw5
[2026-03-02T00:41:01.319+0000] {python.py:240} INFO - Done. Returned value was: None
[2026-03-02T00:41:01.326+0000] {taskinstance.py:340} INFO - ::group::Post task execution logs
[2026-03-02T00:41:01.326+0000] {taskinstance.py:352} INFO - Marking task as SUCCESS. dag_id=WeatherData_ETL, task_id=load, run_id=manual__2026-03-02T00:40:52.527974+00:00, execution_date=20260302T004052, start_date=20260302T004057, end_date=20260302T004101
[2026-03-02T00:41:01.373+0000] {local_task_job_runner.py:266} INFO - Task exited with return code 0
[2026-03-02T00:41:01.384+0000] {taskinstance.py:3900} INFO - 0 downstream tasks scheduled from follow-on schedule check
[2026-03-02T00:41:01.386+0000] {local_task_job_runner.py:245} INFO - ::endgroup::
