[2026-03-01T22:35:49.048+0000] {manager.py:486} INFO - Processing files using up to 2 processes at a time 
[2026-03-01T22:35:49.048+0000] {manager.py:487} INFO - Process each file at most once every 30 seconds
[2026-03-01T22:35:49.048+0000] {manager.py:488} INFO - Checking for new files in /opt/airflow/dags every 300 seconds
[2026-03-01T22:35:49.050+0000] {manager.py:832} INFO - Searching for files in /opt/airflow/dags
[2026-03-01T22:35:49.061+0000] {manager.py:835} INFO - There are 0 files in /opt/airflow/dags
[2026-03-01T22:40:50.034+0000] {manager.py:832} INFO - Searching for files in /opt/airflow/dags
[2026-03-01T22:40:50.044+0000] {manager.py:835} INFO - There are 0 files in /opt/airflow/dags
[2026-03-01T23:56:01.826+0000] {manager.py:486} INFO - Processing files using up to 2 processes at a time 
[2026-03-01T23:56:01.827+0000] {manager.py:487} INFO - Process each file at most once every 30 seconds
[2026-03-01T23:56:01.827+0000] {manager.py:488} INFO - Checking for new files in /opt/airflow/dags every 300 seconds
[2026-03-01T23:56:01.828+0000] {manager.py:832} INFO - Searching for files in /opt/airflow/dags
[2026-03-01T23:56:01.835+0000] {manager.py:835} INFO - There are 0 files in /opt/airflow/dags
[2026-03-02T00:01:02.188+0000] {manager.py:832} INFO - Searching for files in /opt/airflow/dags
[2026-03-02T00:01:02.195+0000] {manager.py:835} INFO - There are 0 files in /opt/airflow/dags
[2026-03-02T00:06:02.448+0000] {manager.py:832} INFO - Searching for files in /opt/airflow/dags
[2026-03-02T00:06:02.457+0000] {manager.py:835} INFO - There are 1 files in /opt/airflow/dags
[2026-03-02T00:06:11.120+0000] {manager.py:1008} INFO - 
================================================================================
DAG File Processing Stats

File Path                         PID    Runtime      # DAGs    # Errors  Last Runtime    Last Run               Last # of DB Queries
--------------------------------  -----  ---------  --------  ----------  --------------  -------------------  ----------------------
/opt/airflow/dags/weather_ETL.py                           0           1  0.31s           2026-03-02T00:06:08                       8
================================================================================
[2026-03-02T00:06:44.071+0000] {manager.py:1008} INFO - 
================================================================================
DAG File Processing Stats

File Path                         PID    Runtime      # DAGs    # Errors  Last Runtime    Last Run               Last # of DB Queries
--------------------------------  -----  ---------  --------  ----------  --------------  -------------------  ----------------------
/opt/airflow/dags/weather_ETL.py                           0           1  0.55s           2026-03-02T00:06:40                       8
================================================================================
[2026-03-02T00:07:17.376+0000] {manager.py:1008} INFO - 
================================================================================
DAG File Processing Stats

File Path                         PID    Runtime      # DAGs    # Errors  Last Runtime    Last Run               Last # of DB Queries
--------------------------------  -----  ---------  --------  ----------  --------------  -------------------  ----------------------
/opt/airflow/dags/weather_ETL.py                           0           1  0.65s           2026-03-02T00:07:13                       8
================================================================================
[2026-03-02T00:07:50.413+0000] {manager.py:1008} INFO - 
================================================================================
DAG File Processing Stats

File Path                         PID    Runtime      # DAGs    # Errors  Last Runtime    Last Run               Last # of DB Queries
--------------------------------  -----  ---------  --------  ----------  --------------  -------------------  ----------------------
/opt/airflow/dags/weather_ETL.py                           0           1  1.04s           2026-03-02T00:07:46                       8
================================================================================
[2026-03-02T00:08:23.142+0000] {manager.py:1008} INFO - 
================================================================================
DAG File Processing Stats

File Path                         PID    Runtime      # DAGs    # Errors  Last Runtime    Last Run               Last # of DB Queries
--------------------------------  -----  ---------  --------  ----------  --------------  -------------------  ----------------------
/opt/airflow/dags/weather_ETL.py                           1           0  0.86s           2026-03-02T00:08:19                      48
================================================================================
[2026-03-02T00:08:54.358+0000] {manager.py:1008} INFO - 
================================================================================
DAG File Processing Stats

File Path                         PID    Runtime      # DAGs    # Errors  Last Runtime    Last Run               Last # of DB Queries
--------------------------------  -----  ---------  --------  ----------  --------------  -------------------  ----------------------
/opt/airflow/dags/weather_ETL.py                           1           0  0.67s           2026-03-02T00:08:49                      37
================================================================================
[2026-03-02T00:09:25.814+0000] {manager.py:1008} INFO - 
================================================================================
DAG File Processing Stats

File Path                         PID    Runtime      # DAGs    # Errors  Last Runtime    Last Run               Last # of DB Queries
--------------------------------  -----  ---------  --------  ----------  --------------  -------------------  ----------------------
/opt/airflow/dags/weather_ETL.py                           1           0  0.84s           2026-03-02T00:09:21                      37
================================================================================
[2026-03-02T00:09:56.812+0000] {manager.py:1008} INFO - 
================================================================================
DAG File Processing Stats

File Path                         PID    Runtime      # DAGs    # Errors  Last Runtime    Last Run               Last # of DB Queries
--------------------------------  -----  ---------  --------  ----------  --------------  -------------------  ----------------------
/opt/airflow/dags/weather_ETL.py                           1           0  0.81s           2026-03-02T00:09:52                      37
================================================================================
[2026-03-02T00:10:28.072+0000] {manager.py:1008} INFO - 
================================================================================
DAG File Processing Stats

File Path                         PID    Runtime      # DAGs    # Errors  Last Runtime    Last Run               Last # of DB Queries
--------------------------------  -----  ---------  --------  ----------  --------------  -------------------  ----------------------
/opt/airflow/dags/weather_ETL.py                           1           0  0.70s           2026-03-02T00:10:23                      37
================================================================================
[2026-03-02T00:11:01.159+0000] {manager.py:1008} INFO - 
================================================================================
DAG File Processing Stats

File Path                         PID    Runtime      # DAGs    # Errors  Last Runtime    Last Run               Last # of DB Queries
--------------------------------  -----  ---------  --------  ----------  --------------  -------------------  ----------------------
/opt/airflow/dags/weather_ETL.py                           1           0  0.69s           2026-03-02T00:10:55                      37
================================================================================
[2026-03-02T00:11:02.622+0000] {manager.py:832} INFO - Searching for files in /opt/airflow/dags
[2026-03-02T00:11:02.631+0000] {manager.py:835} INFO - There are 1 files in /opt/airflow/dags
[2026-03-02T00:11:33.951+0000] {manager.py:1008} INFO - 
================================================================================
DAG File Processing Stats

File Path                         PID    Runtime      # DAGs    # Errors  Last Runtime    Last Run               Last # of DB Queries
--------------------------------  -----  ---------  --------  ----------  --------------  -------------------  ----------------------
/opt/airflow/dags/weather_ETL.py                           1           0  0.95s           2026-03-02T00:11:27                      37
================================================================================
[2026-03-02T00:12:07.318+0000] {manager.py:1008} INFO - 
================================================================================
DAG File Processing Stats

File Path                         PID    Runtime      # DAGs    # Errors  Last Runtime    Last Run               Last # of DB Queries
--------------------------------  -----  ---------  --------  ----------  --------------  -------------------  ----------------------
/opt/airflow/dags/weather_ETL.py                           1           0  0.64s           2026-03-02T00:12:00                      37
================================================================================
[2026-03-02T00:12:40.269+0000] {manager.py:1008} INFO - 
================================================================================
DAG File Processing Stats

File Path                         PID    Runtime      # DAGs    # Errors  Last Runtime    Last Run               Last # of DB Queries
--------------------------------  -----  ---------  --------  ----------  --------------  -------------------  ----------------------
/opt/airflow/dags/weather_ETL.py                           1           0  0.71s           2026-03-02T00:12:33                      37
================================================================================
[2026-03-02T00:13:13.113+0000] {manager.py:1008} INFO - 
================================================================================
DAG File Processing Stats

File Path                         PID    Runtime      # DAGs    # Errors  Last Runtime    Last Run               Last # of DB Queries
--------------------------------  -----  ---------  --------  ----------  --------------  -------------------  ----------------------
/opt/airflow/dags/weather_ETL.py                           1           0  0.73s           2026-03-02T00:13:06                      37
================================================================================
[2026-03-02T00:13:44.342+0000] {manager.py:1008} INFO - 
================================================================================
DAG File Processing Stats

File Path                         PID    Runtime      # DAGs    # Errors  Last Runtime    Last Run               Last # of DB Queries
--------------------------------  -----  ---------  --------  ----------  --------------  -------------------  ----------------------
/opt/airflow/dags/weather_ETL.py                           1           0  0.84s           2026-03-02T00:13:37                      37
================================================================================
[2026-03-02T00:14:14.915+0000] {manager.py:1008} INFO - 
================================================================================
DAG File Processing Stats

File Path                         PID    Runtime      # DAGs    # Errors  Last Runtime    Last Run               Last # of DB Queries
--------------------------------  -----  ---------  --------  ----------  --------------  -------------------  ----------------------
/opt/airflow/dags/weather_ETL.py                           1           0  0.87s           2026-03-02T00:14:08                      37
================================================================================
[2026-03-02T00:14:46.778+0000] {manager.py:1008} INFO - 
================================================================================
DAG File Processing Stats

File Path                         PID    Runtime      # DAGs    # Errors  Last Runtime    Last Run               Last # of DB Queries
--------------------------------  -----  ---------  --------  ----------  --------------  -------------------  ----------------------
/opt/airflow/dags/weather_ETL.py                           1           0  0.75s           2026-03-02T00:14:39                      37
================================================================================
[2026-03-02T00:15:17.956+0000] {manager.py:1008} INFO - 
================================================================================
DAG File Processing Stats

File Path                         PID    Runtime      # DAGs    # Errors  Last Runtime    Last Run               Last # of DB Queries
--------------------------------  -----  ---------  --------  ----------  --------------  -------------------  ----------------------
/opt/airflow/dags/weather_ETL.py                           1           0  0.75s           2026-03-02T00:15:10                      37
================================================================================
[2026-03-02T00:15:48.823+0000] {manager.py:1008} INFO - 
================================================================================
DAG File Processing Stats

File Path                         PID    Runtime      # DAGs    # Errors  Last Runtime    Last Run               Last # of DB Queries
--------------------------------  -----  ---------  --------  ----------  --------------  -------------------  ----------------------
/opt/airflow/dags/weather_ETL.py                           1           0  0.66s           2026-03-02T00:15:41                      37
================================================================================
[2026-03-02T00:16:02.876+0000] {manager.py:832} INFO - Searching for files in /opt/airflow/dags
[2026-03-02T00:16:02.885+0000] {manager.py:835} INFO - There are 1 files in /opt/airflow/dags
[2026-03-02T00:16:21.681+0000] {manager.py:1008} INFO - 
================================================================================
DAG File Processing Stats

File Path                         PID    Runtime      # DAGs    # Errors  Last Runtime    Last Run               Last # of DB Queries
--------------------------------  -----  ---------  --------  ----------  --------------  -------------------  ----------------------
/opt/airflow/dags/weather_ETL.py                           1           0  0.73s           2026-03-02T00:16:13                      37
================================================================================
[2026-03-02T00:16:54.525+0000] {manager.py:1008} INFO - 
================================================================================
DAG File Processing Stats

File Path                         PID    Runtime      # DAGs    # Errors  Last Runtime    Last Run               Last # of DB Queries
--------------------------------  -----  ---------  --------  ----------  --------------  -------------------  ----------------------
/opt/airflow/dags/weather_ETL.py                           1           0  0.66s           2026-03-02T00:16:45                      37
================================================================================
[2026-03-02T00:17:27.386+0000] {manager.py:1008} INFO - 
================================================================================
DAG File Processing Stats

File Path                         PID    Runtime      # DAGs    # Errors  Last Runtime    Last Run               Last # of DB Queries
--------------------------------  -----  ---------  --------  ----------  --------------  -------------------  ----------------------
/opt/airflow/dags/weather_ETL.py                           1           0  0.72s           2026-03-02T00:17:19                      37
================================================================================
[2026-03-02T00:18:00.956+0000] {manager.py:1008} INFO - 
================================================================================
DAG File Processing Stats

File Path                         PID    Runtime      # DAGs    # Errors  Last Runtime    Last Run               Last # of DB Queries
--------------------------------  -----  ---------  --------  ----------  --------------  -------------------  ----------------------
/opt/airflow/dags/weather_ETL.py                           1           0  0.76s           2026-03-02T00:17:50                      37
================================================================================
[2026-03-02T00:18:31.654+0000] {manager.py:1008} INFO - 
================================================================================
DAG File Processing Stats

File Path                         PID    Runtime      # DAGs    # Errors  Last Runtime    Last Run               Last # of DB Queries
--------------------------------  -----  ---------  --------  ----------  --------------  -------------------  ----------------------
/opt/airflow/dags/weather_ETL.py                           1           0  1.24s           2026-03-02T00:18:22                      37
================================================================================
[2026-03-02T00:19:02.831+0000] {manager.py:1008} INFO - 
================================================================================
DAG File Processing Stats

File Path                         PID    Runtime      # DAGs    # Errors  Last Runtime    Last Run               Last # of DB Queries
--------------------------------  -----  ---------  --------  ----------  --------------  -------------------  ----------------------
/opt/airflow/dags/weather_ETL.py                           1           0  0.73s           2026-03-02T00:18:53                      37
================================================================================
[2026-03-02T00:19:34.132+0000] {manager.py:1008} INFO - 
================================================================================
DAG File Processing Stats

File Path                         PID    Runtime      # DAGs    # Errors  Last Runtime    Last Run               Last # of DB Queries
--------------------------------  -----  ---------  --------  ----------  --------------  -------------------  ----------------------
/opt/airflow/dags/weather_ETL.py                           1           0  0.68s           2026-03-02T00:19:24                      15
================================================================================
[2026-03-02T00:20:05.402+0000] {manager.py:1008} INFO - 
================================================================================
DAG File Processing Stats

File Path                         PID    Runtime      # DAGs    # Errors  Last Runtime    Last Run               Last # of DB Queries
--------------------------------  -----  ---------  --------  ----------  --------------  -------------------  ----------------------
/opt/airflow/dags/weather_ETL.py                           1           0  0.76s           2026-03-02T00:19:55                      37
================================================================================
[2026-03-02T00:20:36.413+0000] {manager.py:1008} INFO - 
================================================================================
DAG File Processing Stats

File Path                         PID    Runtime      # DAGs    # Errors  Last Runtime    Last Run               Last # of DB Queries
--------------------------------  -----  ---------  --------  ----------  --------------  -------------------  ----------------------
/opt/airflow/dags/weather_ETL.py                           1           0  0.66s           2026-03-02T00:20:26                      37
================================================================================
[2026-03-02T00:21:02.936+0000] {manager.py:832} INFO - Searching for files in /opt/airflow/dags
[2026-03-02T00:21:02.945+0000] {manager.py:835} INFO - There are 1 files in /opt/airflow/dags
[2026-03-02T00:21:09.571+0000] {manager.py:1008} INFO - 
================================================================================
DAG File Processing Stats

File Path                         PID    Runtime      # DAGs    # Errors  Last Runtime    Last Run               Last # of DB Queries
--------------------------------  -----  ---------  --------  ----------  --------------  -------------------  ----------------------
/opt/airflow/dags/weather_ETL.py                           1           0  0.71s           2026-03-02T00:20:57                      37
================================================================================
[2026-03-02T00:21:42.418+0000] {manager.py:1008} INFO - 
================================================================================
DAG File Processing Stats

File Path                         PID    Runtime      # DAGs    # Errors  Last Runtime    Last Run               Last # of DB Queries
--------------------------------  -----  ---------  --------  ----------  --------------  -------------------  ----------------------
/opt/airflow/dags/weather_ETL.py                           1           0  0.62s           2026-03-02T00:21:30                      37
================================================================================
[2026-03-02T00:22:15.286+0000] {manager.py:1008} INFO - 
================================================================================
DAG File Processing Stats

File Path                         PID    Runtime      # DAGs    # Errors  Last Runtime    Last Run               Last # of DB Queries
--------------------------------  -----  ---------  --------  ----------  --------------  -------------------  ----------------------
/opt/airflow/dags/weather_ETL.py                           1           0  1.45s           2026-03-02T00:22:03                      37
================================================================================
[2026-03-02T00:22:48.560+0000] {manager.py:1008} INFO - 
================================================================================
DAG File Processing Stats

File Path                         PID    Runtime      # DAGs    # Errors  Last Runtime    Last Run               Last # of DB Queries
--------------------------------  -----  ---------  --------  ----------  --------------  -------------------  ----------------------
/opt/airflow/dags/weather_ETL.py                           1           0  0.79s           2026-03-02T00:22:35                      37
================================================================================
[2026-03-02T00:23:21.410+0000] {manager.py:1008} INFO - 
================================================================================
DAG File Processing Stats

File Path                         PID    Runtime      # DAGs    # Errors  Last Runtime    Last Run               Last # of DB Queries
--------------------------------  -----  ---------  --------  ----------  --------------  -------------------  ----------------------
/opt/airflow/dags/weather_ETL.py                           1           0  0.99s           2026-03-02T00:23:08                      37
================================================================================
[2026-03-02T00:26:25.950+0000] {manager.py:486} INFO - Processing files using up to 2 processes at a time 
[2026-03-02T00:26:25.951+0000] {manager.py:487} INFO - Process each file at most once every 30 seconds
[2026-03-02T00:26:25.951+0000] {manager.py:488} INFO - Checking for new files in /opt/airflow/dags every 300 seconds
[2026-03-02T00:26:25.952+0000] {manager.py:832} INFO - Searching for files in /opt/airflow/dags
[2026-03-02T00:26:25.960+0000] {manager.py:835} INFO - There are 1 files in /opt/airflow/dags
[2026-03-02T00:26:27.341+0000] {manager.py:1008} INFO - 
================================================================================
DAG File Processing Stats

File Path                           PID  Runtime      # DAGs    # Errors  Last Runtime    Last Run      Last # of DB Queries
--------------------------------  -----  ---------  --------  ----------  --------------  ----------  ----------------------
/opt/airflow/dags/weather_ETL.py    225  0.02s             0           0                                                   0
================================================================================
[2026-03-02T00:27:00.222+0000] {manager.py:1008} INFO - 
================================================================================
DAG File Processing Stats

File Path                         PID    Runtime      # DAGs    # Errors  Last Runtime    Last Run               Last # of DB Queries
--------------------------------  -----  ---------  --------  ----------  --------------  -------------------  ----------------------
/opt/airflow/dags/weather_ETL.py                           0           1  0.07s           2026-03-02T00:26:58                       6
================================================================================
[2026-03-02T00:27:33.098+0000] {manager.py:1008} INFO - 
================================================================================
DAG File Processing Stats

File Path                         PID    Runtime      # DAGs    # Errors  Last Runtime    Last Run               Last # of DB Queries
--------------------------------  -----  ---------  --------  ----------  --------------  -------------------  ----------------------
/opt/airflow/dags/weather_ETL.py                           0           1  0.07s           2026-03-02T00:27:29                       7
================================================================================
[2026-03-02T00:28:05.992+0000] {manager.py:1008} INFO - 
================================================================================
DAG File Processing Stats

File Path                         PID    Runtime      # DAGs    # Errors  Last Runtime    Last Run               Last # of DB Queries
--------------------------------  -----  ---------  --------  ----------  --------------  -------------------  ----------------------
/opt/airflow/dags/weather_ETL.py                           0           1  0.07s           2026-03-02T00:28:00                       8
================================================================================
[2026-03-02T00:28:36.831+0000] {manager.py:1008} INFO - 
================================================================================
DAG File Processing Stats

File Path                         PID    Runtime      # DAGs    # Errors  Last Runtime    Last Run               Last # of DB Queries
--------------------------------  -----  ---------  --------  ----------  --------------  -------------------  ----------------------
/opt/airflow/dags/weather_ETL.py                           0           1  0.08s           2026-03-02T00:28:30                       8
================================================================================
[2026-03-02T00:29:07.505+0000] {manager.py:1008} INFO - 
================================================================================
DAG File Processing Stats

File Path                         PID    Runtime      # DAGs    # Errors  Last Runtime    Last Run               Last # of DB Queries
--------------------------------  -----  ---------  --------  ----------  --------------  -------------------  ----------------------
/opt/airflow/dags/weather_ETL.py                           1           0  1.28s           2026-03-02T00:29:02                      48
================================================================================
[2026-03-02T00:29:38.625+0000] {manager.py:1008} INFO - 
================================================================================
DAG File Processing Stats

File Path                         PID    Runtime      # DAGs    # Errors  Last Runtime    Last Run               Last # of DB Queries
--------------------------------  -----  ---------  --------  ----------  --------------  -------------------  ----------------------
/opt/airflow/dags/weather_ETL.py                           1           0  0.70s           2026-03-02T00:29:33                      37
================================================================================
[2026-03-02T00:30:09.605+0000] {manager.py:1008} INFO - 
================================================================================
DAG File Processing Stats

File Path                         PID    Runtime      # DAGs    # Errors  Last Runtime    Last Run               Last # of DB Queries
--------------------------------  -----  ---------  --------  ----------  --------------  -------------------  ----------------------
/opt/airflow/dags/weather_ETL.py                           1           0  0.70s           2026-03-02T00:30:04                      37
================================================================================
[2026-03-02T00:30:42.759+0000] {manager.py:1008} INFO - 
================================================================================
DAG File Processing Stats

File Path                         PID    Runtime      # DAGs    # Errors  Last Runtime    Last Run               Last # of DB Queries
--------------------------------  -----  ---------  --------  ----------  --------------  -------------------  ----------------------
/opt/airflow/dags/weather_ETL.py                           1           0  1.51s           2026-03-02T00:30:36                      37
================================================================================
[2026-03-02T00:31:16.108+0000] {manager.py:1008} INFO - 
================================================================================
DAG File Processing Stats

File Path                         PID    Runtime      # DAGs    # Errors  Last Runtime    Last Run               Last # of DB Queries
--------------------------------  -----  ---------  --------  ----------  --------------  -------------------  ----------------------
/opt/airflow/dags/weather_ETL.py                           1           0  0.65s           2026-03-02T00:31:07                      37
================================================================================
[2026-03-02T00:31:26.148+0000] {manager.py:832} INFO - Searching for files in /opt/airflow/dags
[2026-03-02T00:31:26.157+0000] {manager.py:835} INFO - There are 1 files in /opt/airflow/dags
[2026-03-02T00:31:49.083+0000] {manager.py:1008} INFO - 
================================================================================
DAG File Processing Stats

File Path                         PID    Runtime      # DAGs    # Errors  Last Runtime    Last Run               Last # of DB Queries
--------------------------------  -----  ---------  --------  ----------  --------------  -------------------  ----------------------
/opt/airflow/dags/weather_ETL.py                           1           0  0.66s           2026-03-02T00:31:38                      37
================================================================================
[2026-03-02T00:32:22.481+0000] {manager.py:1008} INFO - 
================================================================================
DAG File Processing Stats

File Path                         PID    Runtime      # DAGs    # Errors  Last Runtime    Last Run               Last # of DB Queries
--------------------------------  -----  ---------  --------  ----------  --------------  -------------------  ----------------------
/opt/airflow/dags/weather_ETL.py                           1           0  1.69s           2026-03-02T00:32:10                      37
================================================================================
[2026-03-02T00:32:55.650+0000] {manager.py:486} INFO - Processing files using up to 2 processes at a time 
[2026-03-02T00:32:55.650+0000] {manager.py:487} INFO - Process each file at most once every 30 seconds
[2026-03-02T00:32:55.650+0000] {manager.py:488} INFO - Checking for new files in /opt/airflow/dags every 300 seconds
[2026-03-02T00:32:55.651+0000] {manager.py:832} INFO - Searching for files in /opt/airflow/dags
[2026-03-02T00:32:55.659+0000] {manager.py:835} INFO - There are 1 files in /opt/airflow/dags
[2026-03-02T00:32:56.232+0000] {manager.py:1008} INFO - 
================================================================================
DAG File Processing Stats

File Path                           PID  Runtime      # DAGs    # Errors  Last Runtime    Last Run      Last # of DB Queries
--------------------------------  -----  ---------  --------  ----------  --------------  ----------  ----------------------
/opt/airflow/dags/weather_ETL.py    196  0.02s             0           0                                                   0
================================================================================
[2026-03-02T00:33:26.830+0000] {manager.py:1008} INFO - 
================================================================================
DAG File Processing Stats

File Path                         PID    Runtime      # DAGs    # Errors  Last Runtime    Last Run               Last # of DB Queries
--------------------------------  -----  ---------  --------  ----------  --------------  -------------------  ----------------------
/opt/airflow/dags/weather_ETL.py                           1           0  0.69s           2026-03-02T00:32:56                      37
================================================================================
[2026-03-02T00:33:57.984+0000] {manager.py:1008} INFO - 
================================================================================
DAG File Processing Stats

File Path                         PID    Runtime      # DAGs    # Errors  Last Runtime    Last Run               Last # of DB Queries
--------------------------------  -----  ---------  --------  ----------  --------------  -------------------  ----------------------
/opt/airflow/dags/weather_ETL.py                           1           0  0.73s           2026-03-02T00:33:28                      37
================================================================================
[2026-03-02T00:34:28.961+0000] {manager.py:1008} INFO - 
================================================================================
DAG File Processing Stats

File Path                         PID    Runtime      # DAGs    # Errors  Last Runtime    Last Run               Last # of DB Queries
--------------------------------  -----  ---------  --------  ----------  --------------  -------------------  ----------------------
/opt/airflow/dags/weather_ETL.py                           1           0  0.71s           2026-03-02T00:33:59                      37
================================================================================
[2026-03-02T00:35:04.143+0000] {manager.py:486} INFO - Processing files using up to 2 processes at a time 
[2026-03-02T00:35:04.144+0000] {manager.py:487} INFO - Process each file at most once every 30 seconds
[2026-03-02T00:35:04.144+0000] {manager.py:488} INFO - Checking for new files in /opt/airflow/dags every 300 seconds
[2026-03-02T00:35:04.144+0000] {manager.py:832} INFO - Searching for files in /opt/airflow/dags
[2026-03-02T00:35:04.153+0000] {manager.py:835} INFO - There are 1 files in /opt/airflow/dags
[2026-03-02T00:35:04.689+0000] {manager.py:1008} INFO - 
================================================================================
DAG File Processing Stats

File Path                           PID  Runtime      # DAGs    # Errors  Last Runtime    Last Run      Last # of DB Queries
--------------------------------  -----  ---------  --------  ----------  --------------  ----------  ----------------------
/opt/airflow/dags/weather_ETL.py    196  0.02s             0           0                                                   0
================================================================================
[2026-03-02T00:35:35.278+0000] {manager.py:1008} INFO - 
================================================================================
DAG File Processing Stats

File Path                         PID    Runtime      # DAGs    # Errors  Last Runtime    Last Run               Last # of DB Queries
--------------------------------  -----  ---------  --------  ----------  --------------  -------------------  ----------------------
/opt/airflow/dags/weather_ETL.py                           1           0  0.69s           2026-03-02T00:35:05                      37
================================================================================
[2026-03-02T00:36:08.481+0000] {manager.py:1008} INFO - 
================================================================================
DAG File Processing Stats

File Path                         PID    Runtime      # DAGs    # Errors  Last Runtime    Last Run               Last # of DB Queries
--------------------------------  -----  ---------  --------  ----------  --------------  -------------------  ----------------------
/opt/airflow/dags/weather_ETL.py                           1           0  0.79s           2026-03-02T00:36:07                      37
================================================================================
[2026-03-02T00:36:41.761+0000] {manager.py:1008} INFO - 
================================================================================
DAG File Processing Stats

File Path                         PID    Runtime      # DAGs    # Errors  Last Runtime    Last Run               Last # of DB Queries
--------------------------------  -----  ---------  --------  ----------  --------------  -------------------  ----------------------
/opt/airflow/dags/weather_ETL.py                           1           0  0.68s           2026-03-02T00:36:38                      37
================================================================================
[2026-03-02T00:37:17.716+0000] {manager.py:486} INFO - Processing files using up to 2 processes at a time 
[2026-03-02T00:37:17.717+0000] {manager.py:487} INFO - Process each file at most once every 30 seconds
[2026-03-02T00:37:17.717+0000] {manager.py:488} INFO - Checking for new files in /opt/airflow/dags every 300 seconds
[2026-03-02T00:37:17.717+0000] {manager.py:832} INFO - Searching for files in /opt/airflow/dags
[2026-03-02T00:37:17.725+0000] {manager.py:835} INFO - There are 1 files in /opt/airflow/dags
[2026-03-02T00:37:18.248+0000] {manager.py:1008} INFO - 
================================================================================
DAG File Processing Stats

File Path                           PID  Runtime      # DAGs    # Errors  Last Runtime    Last Run      Last # of DB Queries
--------------------------------  -----  ---------  --------  ----------  --------------  ----------  ----------------------
/opt/airflow/dags/weather_ETL.py    196  0.02s             0           0                                                   0
================================================================================
