[2026-03-02T00:39:06.755+0000] {processor.py:186} INFO - Started process (PID=225) to work on /opt/airflow/dags/weather_ETL.py
[2026-03-02T00:39:06.755+0000] {processor.py:914} INFO - Processing file /opt/airflow/dags/weather_ETL.py for tasks to queue
[2026-03-02T00:39:06.756+0000] {logging_mixin.py:190} INFO - [2026-03-02T00:39:06.756+0000] {dagbag.py:587} INFO - Filling up the DagBag from /opt/airflow/dags/weather_ETL.py
[2026-03-02T00:39:06.784+0000] {logging_mixin.py:190} INFO - [2026-03-02T00:39:06.784+0000] {base.py:84} INFO - Retrieving connection 'snowflake_con'
[2026-03-02T00:39:06.785+0000] {logging_mixin.py:190} INFO - [2026-03-02T00:39:06.785+0000] {connection.py:413} INFO - Snowflake Connector for Python Version: 3.12.1, Python Version: 3.12.5, Platform: Linux-6.6.87.2-microsoft-standard-WSL2-x86_64-with-glibc2.36
[2026-03-02T00:39:06.786+0000] {logging_mixin.py:190} INFO - [2026-03-02T00:39:06.786+0000] {connection.py:1196} INFO - Connecting to GLOBAL Snowflake domain
[2026-03-02T00:39:06.786+0000] {logging_mixin.py:190} INFO - [2026-03-02T00:39:06.786+0000] {connection.py:1277} INFO - This connection is in OCSP Fail Open Mode. TLS Certificates would be checked for validity and revocation status. Any other Certificate Revocation related exceptions or OCSP Responder failures would be disregarded in favor of connectivity.
[2026-03-02T00:39:07.819+0000] {processor.py:925} INFO - DAG(s) 'WeatherData_ETL' retrieved from /opt/airflow/dags/weather_ETL.py
[2026-03-02T00:39:07.895+0000] {logging_mixin.py:190} INFO - [2026-03-02T00:39:07.894+0000] {dag.py:3229} INFO - Sync 1 DAGs
[2026-03-02T00:39:07.909+0000] {logging_mixin.py:190} INFO - [2026-03-02T00:39:07.909+0000] {dag.py:4156} INFO - Setting next_dagrun for WeatherData_ETL to 2026-03-01 02:30:00+00:00, run_after=2026-03-02 02:30:00+00:00
[2026-03-02T00:39:07.925+0000] {processor.py:208} INFO - Processing /opt/airflow/dags/weather_ETL.py took 1.174 seconds
[2026-03-02T00:39:38.089+0000] {processor.py:186} INFO - Started process (PID=270) to work on /opt/airflow/dags/weather_ETL.py
[2026-03-02T00:39:38.089+0000] {processor.py:914} INFO - Processing file /opt/airflow/dags/weather_ETL.py for tasks to queue
[2026-03-02T00:39:38.092+0000] {logging_mixin.py:190} INFO - [2026-03-02T00:39:38.092+0000] {dagbag.py:587} INFO - Filling up the DagBag from /opt/airflow/dags/weather_ETL.py
[2026-03-02T00:39:38.124+0000] {logging_mixin.py:190} INFO - [2026-03-02T00:39:38.123+0000] {base.py:84} INFO - Retrieving connection 'snowflake_con'
[2026-03-02T00:39:38.125+0000] {logging_mixin.py:190} INFO - [2026-03-02T00:39:38.124+0000] {connection.py:413} INFO - Snowflake Connector for Python Version: 3.12.1, Python Version: 3.12.5, Platform: Linux-6.6.87.2-microsoft-standard-WSL2-x86_64-with-glibc2.36
[2026-03-02T00:39:38.126+0000] {logging_mixin.py:190} INFO - [2026-03-02T00:39:38.126+0000] {connection.py:1196} INFO - Connecting to GLOBAL Snowflake domain
[2026-03-02T00:39:38.126+0000] {logging_mixin.py:190} INFO - [2026-03-02T00:39:38.126+0000] {connection.py:1277} INFO - This connection is in OCSP Fail Open Mode. TLS Certificates would be checked for validity and revocation status. Any other Certificate Revocation related exceptions or OCSP Responder failures would be disregarded in favor of connectivity.
[2026-03-02T00:39:38.738+0000] {processor.py:925} INFO - DAG(s) 'WeatherData_ETL' retrieved from /opt/airflow/dags/weather_ETL.py
[2026-03-02T00:39:38.812+0000] {logging_mixin.py:190} INFO - [2026-03-02T00:39:38.811+0000] {dag.py:3229} INFO - Sync 1 DAGs
[2026-03-02T00:39:38.827+0000] {logging_mixin.py:190} INFO - [2026-03-02T00:39:38.827+0000] {dag.py:4156} INFO - Setting next_dagrun for WeatherData_ETL to 2026-03-01 02:30:00+00:00, run_after=2026-03-02 02:30:00+00:00
[2026-03-02T00:39:38.841+0000] {processor.py:208} INFO - Processing /opt/airflow/dags/weather_ETL.py took 0.757 seconds
[2026-03-02T00:40:08.999+0000] {processor.py:186} INFO - Started process (PID=282) to work on /opt/airflow/dags/weather_ETL.py
[2026-03-02T00:40:09.000+0000] {processor.py:914} INFO - Processing file /opt/airflow/dags/weather_ETL.py for tasks to queue
[2026-03-02T00:40:09.002+0000] {logging_mixin.py:190} INFO - [2026-03-02T00:40:09.002+0000] {dagbag.py:587} INFO - Filling up the DagBag from /opt/airflow/dags/weather_ETL.py
[2026-03-02T00:40:09.033+0000] {logging_mixin.py:190} INFO - [2026-03-02T00:40:09.032+0000] {base.py:84} INFO - Retrieving connection 'snowflake_con'
[2026-03-02T00:40:09.034+0000] {logging_mixin.py:190} INFO - [2026-03-02T00:40:09.033+0000] {connection.py:413} INFO - Snowflake Connector for Python Version: 3.12.1, Python Version: 3.12.5, Platform: Linux-6.6.87.2-microsoft-standard-WSL2-x86_64-with-glibc2.36
[2026-03-02T00:40:09.035+0000] {logging_mixin.py:190} INFO - [2026-03-02T00:40:09.034+0000] {connection.py:1196} INFO - Connecting to GLOBAL Snowflake domain
[2026-03-02T00:40:09.035+0000] {logging_mixin.py:190} INFO - [2026-03-02T00:40:09.035+0000] {connection.py:1277} INFO - This connection is in OCSP Fail Open Mode. TLS Certificates would be checked for validity and revocation status. Any other Certificate Revocation related exceptions or OCSP Responder failures would be disregarded in favor of connectivity.
[2026-03-02T00:40:09.570+0000] {processor.py:925} INFO - DAG(s) 'WeatherData_ETL' retrieved from /opt/airflow/dags/weather_ETL.py
[2026-03-02T00:40:09.647+0000] {logging_mixin.py:190} INFO - [2026-03-02T00:40:09.646+0000] {dag.py:3229} INFO - Sync 1 DAGs
[2026-03-02T00:40:09.662+0000] {logging_mixin.py:190} INFO - [2026-03-02T00:40:09.661+0000] {dag.py:4156} INFO - Setting next_dagrun for WeatherData_ETL to 2026-03-01 02:30:00+00:00, run_after=2026-03-02 02:30:00+00:00
[2026-03-02T00:40:09.676+0000] {processor.py:208} INFO - Processing /opt/airflow/dags/weather_ETL.py took 0.682 seconds
[2026-03-02T00:40:40.210+0000] {processor.py:186} INFO - Started process (PID=293) to work on /opt/airflow/dags/weather_ETL.py
[2026-03-02T00:40:40.211+0000] {processor.py:914} INFO - Processing file /opt/airflow/dags/weather_ETL.py for tasks to queue
[2026-03-02T00:40:40.214+0000] {logging_mixin.py:190} INFO - [2026-03-02T00:40:40.214+0000] {dagbag.py:587} INFO - Filling up the DagBag from /opt/airflow/dags/weather_ETL.py
[2026-03-02T00:40:40.244+0000] {logging_mixin.py:190} INFO - [2026-03-02T00:40:40.244+0000] {base.py:84} INFO - Retrieving connection 'snowflake_con'
[2026-03-02T00:40:40.245+0000] {logging_mixin.py:190} INFO - [2026-03-02T00:40:40.245+0000] {connection.py:413} INFO - Snowflake Connector for Python Version: 3.12.1, Python Version: 3.12.5, Platform: Linux-6.6.87.2-microsoft-standard-WSL2-x86_64-with-glibc2.36
[2026-03-02T00:40:40.246+0000] {logging_mixin.py:190} INFO - [2026-03-02T00:40:40.245+0000] {connection.py:1196} INFO - Connecting to GLOBAL Snowflake domain
[2026-03-02T00:40:40.246+0000] {logging_mixin.py:190} INFO - [2026-03-02T00:40:40.246+0000] {connection.py:1277} INFO - This connection is in OCSP Fail Open Mode. TLS Certificates would be checked for validity and revocation status. Any other Certificate Revocation related exceptions or OCSP Responder failures would be disregarded in favor of connectivity.
[2026-03-02T00:40:40.727+0000] {processor.py:925} INFO - DAG(s) 'WeatherData_ETL' retrieved from /opt/airflow/dags/weather_ETL.py
[2026-03-02T00:40:40.794+0000] {logging_mixin.py:190} INFO - [2026-03-02T00:40:40.794+0000] {dag.py:3229} INFO - Sync 1 DAGs
[2026-03-02T00:40:40.807+0000] {logging_mixin.py:190} INFO - [2026-03-02T00:40:40.807+0000] {dag.py:4156} INFO - Setting next_dagrun for WeatherData_ETL to 2026-03-01 02:30:00+00:00, run_after=2026-03-02 02:30:00+00:00
[2026-03-02T00:40:40.818+0000] {processor.py:208} INFO - Processing /opt/airflow/dags/weather_ETL.py took 0.615 seconds
[2026-03-02T00:41:11.395+0000] {processor.py:186} INFO - Started process (PID=319) to work on /opt/airflow/dags/weather_ETL.py
[2026-03-02T00:41:11.395+0000] {processor.py:914} INFO - Processing file /opt/airflow/dags/weather_ETL.py for tasks to queue
[2026-03-02T00:41:11.397+0000] {logging_mixin.py:190} INFO - [2026-03-02T00:41:11.397+0000] {dagbag.py:587} INFO - Filling up the DagBag from /opt/airflow/dags/weather_ETL.py
[2026-03-02T00:41:11.424+0000] {logging_mixin.py:190} INFO - [2026-03-02T00:41:11.424+0000] {base.py:84} INFO - Retrieving connection 'snowflake_con'
[2026-03-02T00:41:11.425+0000] {logging_mixin.py:190} INFO - [2026-03-02T00:41:11.425+0000] {connection.py:413} INFO - Snowflake Connector for Python Version: 3.12.1, Python Version: 3.12.5, Platform: Linux-6.6.87.2-microsoft-standard-WSL2-x86_64-with-glibc2.36
[2026-03-02T00:41:11.426+0000] {logging_mixin.py:190} INFO - [2026-03-02T00:41:11.426+0000] {connection.py:1196} INFO - Connecting to GLOBAL Snowflake domain
[2026-03-02T00:41:11.426+0000] {logging_mixin.py:190} INFO - [2026-03-02T00:41:11.426+0000] {connection.py:1277} INFO - This connection is in OCSP Fail Open Mode. TLS Certificates would be checked for validity and revocation status. Any other Certificate Revocation related exceptions or OCSP Responder failures would be disregarded in favor of connectivity.
[2026-03-02T00:41:11.870+0000] {processor.py:925} INFO - DAG(s) 'WeatherData_ETL' retrieved from /opt/airflow/dags/weather_ETL.py
[2026-03-02T00:41:11.928+0000] {logging_mixin.py:190} INFO - [2026-03-02T00:41:11.928+0000] {dag.py:3229} INFO - Sync 1 DAGs
[2026-03-02T00:41:11.941+0000] {logging_mixin.py:190} INFO - [2026-03-02T00:41:11.941+0000] {dag.py:4156} INFO - Setting next_dagrun for WeatherData_ETL to 2026-03-01 02:30:00+00:00, run_after=2026-03-02 02:30:00+00:00
[2026-03-02T00:41:11.952+0000] {processor.py:208} INFO - Processing /opt/airflow/dags/weather_ETL.py took 0.562 seconds
[2026-03-02T00:41:42.529+0000] {processor.py:186} INFO - Started process (PID=330) to work on /opt/airflow/dags/weather_ETL.py
[2026-03-02T00:41:42.530+0000] {processor.py:914} INFO - Processing file /opt/airflow/dags/weather_ETL.py for tasks to queue
[2026-03-02T00:41:42.532+0000] {logging_mixin.py:190} INFO - [2026-03-02T00:41:42.532+0000] {dagbag.py:587} INFO - Filling up the DagBag from /opt/airflow/dags/weather_ETL.py
[2026-03-02T00:41:42.560+0000] {logging_mixin.py:190} INFO - [2026-03-02T00:41:42.560+0000] {base.py:84} INFO - Retrieving connection 'snowflake_con'
[2026-03-02T00:41:42.561+0000] {logging_mixin.py:190} INFO - [2026-03-02T00:41:42.561+0000] {connection.py:413} INFO - Snowflake Connector for Python Version: 3.12.1, Python Version: 3.12.5, Platform: Linux-6.6.87.2-microsoft-standard-WSL2-x86_64-with-glibc2.36
[2026-03-02T00:41:42.562+0000] {logging_mixin.py:190} INFO - [2026-03-02T00:41:42.562+0000] {connection.py:1196} INFO - Connecting to GLOBAL Snowflake domain
[2026-03-02T00:41:42.562+0000] {logging_mixin.py:190} INFO - [2026-03-02T00:41:42.562+0000] {connection.py:1277} INFO - This connection is in OCSP Fail Open Mode. TLS Certificates would be checked for validity and revocation status. Any other Certificate Revocation related exceptions or OCSP Responder failures would be disregarded in favor of connectivity.
[2026-03-02T00:41:43.028+0000] {processor.py:925} INFO - DAG(s) 'WeatherData_ETL' retrieved from /opt/airflow/dags/weather_ETL.py
[2026-03-02T00:41:43.094+0000] {logging_mixin.py:190} INFO - [2026-03-02T00:41:43.094+0000] {dag.py:3229} INFO - Sync 1 DAGs
[2026-03-02T00:41:43.110+0000] {logging_mixin.py:190} INFO - [2026-03-02T00:41:43.110+0000] {dag.py:4156} INFO - Setting next_dagrun for WeatherData_ETL to 2026-03-01 02:30:00+00:00, run_after=2026-03-02 02:30:00+00:00
[2026-03-02T00:41:43.123+0000] {processor.py:208} INFO - Processing /opt/airflow/dags/weather_ETL.py took 0.599 seconds
[2026-03-02T00:42:13.664+0000] {processor.py:186} INFO - Started process (PID=349) to work on /opt/airflow/dags/weather_ETL.py
[2026-03-02T00:42:13.665+0000] {processor.py:914} INFO - Processing file /opt/airflow/dags/weather_ETL.py for tasks to queue
[2026-03-02T00:42:13.667+0000] {logging_mixin.py:190} INFO - [2026-03-02T00:42:13.667+0000] {dagbag.py:587} INFO - Filling up the DagBag from /opt/airflow/dags/weather_ETL.py
[2026-03-02T00:42:13.696+0000] {logging_mixin.py:190} INFO - [2026-03-02T00:42:13.696+0000] {base.py:84} INFO - Retrieving connection 'snowflake_con'
[2026-03-02T00:42:13.697+0000] {logging_mixin.py:190} INFO - [2026-03-02T00:42:13.697+0000] {connection.py:413} INFO - Snowflake Connector for Python Version: 3.12.1, Python Version: 3.12.5, Platform: Linux-6.6.87.2-microsoft-standard-WSL2-x86_64-with-glibc2.36
[2026-03-02T00:42:13.698+0000] {logging_mixin.py:190} INFO - [2026-03-02T00:42:13.698+0000] {connection.py:1196} INFO - Connecting to GLOBAL Snowflake domain
[2026-03-02T00:42:13.698+0000] {logging_mixin.py:190} INFO - [2026-03-02T00:42:13.698+0000] {connection.py:1277} INFO - This connection is in OCSP Fail Open Mode. TLS Certificates would be checked for validity and revocation status. Any other Certificate Revocation related exceptions or OCSP Responder failures would be disregarded in favor of connectivity.
[2026-03-02T00:42:14.279+0000] {processor.py:925} INFO - DAG(s) 'WeatherData_ETL' retrieved from /opt/airflow/dags/weather_ETL.py
[2026-03-02T00:42:14.343+0000] {logging_mixin.py:190} INFO - [2026-03-02T00:42:14.343+0000] {dag.py:3229} INFO - Sync 1 DAGs
[2026-03-02T00:42:14.355+0000] {logging_mixin.py:190} INFO - [2026-03-02T00:42:14.355+0000] {dag.py:4156} INFO - Setting next_dagrun for WeatherData_ETL to 2026-03-01 02:30:00+00:00, run_after=2026-03-02 02:30:00+00:00
[2026-03-02T00:42:14.368+0000] {processor.py:208} INFO - Processing /opt/airflow/dags/weather_ETL.py took 0.708 seconds
[2026-03-02T00:42:44.831+0000] {processor.py:186} INFO - Started process (PID=360) to work on /opt/airflow/dags/weather_ETL.py
[2026-03-02T00:42:44.832+0000] {processor.py:914} INFO - Processing file /opt/airflow/dags/weather_ETL.py for tasks to queue
[2026-03-02T00:42:44.835+0000] {logging_mixin.py:190} INFO - [2026-03-02T00:42:44.834+0000] {dagbag.py:587} INFO - Filling up the DagBag from /opt/airflow/dags/weather_ETL.py
[2026-03-02T00:42:44.866+0000] {logging_mixin.py:190} INFO - [2026-03-02T00:42:44.866+0000] {base.py:84} INFO - Retrieving connection 'snowflake_con'
[2026-03-02T00:42:44.867+0000] {logging_mixin.py:190} INFO - [2026-03-02T00:42:44.867+0000] {connection.py:413} INFO - Snowflake Connector for Python Version: 3.12.1, Python Version: 3.12.5, Platform: Linux-6.6.87.2-microsoft-standard-WSL2-x86_64-with-glibc2.36
[2026-03-02T00:42:44.868+0000] {logging_mixin.py:190} INFO - [2026-03-02T00:42:44.868+0000] {connection.py:1196} INFO - Connecting to GLOBAL Snowflake domain
[2026-03-02T00:42:44.868+0000] {logging_mixin.py:190} INFO - [2026-03-02T00:42:44.868+0000] {connection.py:1277} INFO - This connection is in OCSP Fail Open Mode. TLS Certificates would be checked for validity and revocation status. Any other Certificate Revocation related exceptions or OCSP Responder failures would be disregarded in favor of connectivity.
[2026-03-02T00:42:45.445+0000] {processor.py:925} INFO - DAG(s) 'WeatherData_ETL' retrieved from /opt/airflow/dags/weather_ETL.py
[2026-03-02T00:42:45.519+0000] {logging_mixin.py:190} INFO - [2026-03-02T00:42:45.518+0000] {dag.py:3229} INFO - Sync 1 DAGs
[2026-03-02T00:42:45.534+0000] {logging_mixin.py:190} INFO - [2026-03-02T00:42:45.533+0000] {dag.py:4156} INFO - Setting next_dagrun for WeatherData_ETL to 2026-03-01 02:30:00+00:00, run_after=2026-03-02 02:30:00+00:00
[2026-03-02T00:42:45.548+0000] {processor.py:208} INFO - Processing /opt/airflow/dags/weather_ETL.py took 0.721 seconds
[2026-03-02T00:43:15.979+0000] {processor.py:186} INFO - Started process (PID=371) to work on /opt/airflow/dags/weather_ETL.py
[2026-03-02T00:43:15.980+0000] {processor.py:914} INFO - Processing file /opt/airflow/dags/weather_ETL.py for tasks to queue
[2026-03-02T00:43:15.982+0000] {logging_mixin.py:190} INFO - [2026-03-02T00:43:15.982+0000] {dagbag.py:587} INFO - Filling up the DagBag from /opt/airflow/dags/weather_ETL.py
[2026-03-02T00:43:16.014+0000] {logging_mixin.py:190} INFO - [2026-03-02T00:43:16.014+0000] {base.py:84} INFO - Retrieving connection 'snowflake_con'
[2026-03-02T00:43:16.016+0000] {logging_mixin.py:190} INFO - [2026-03-02T00:43:16.015+0000] {connection.py:413} INFO - Snowflake Connector for Python Version: 3.12.1, Python Version: 3.12.5, Platform: Linux-6.6.87.2-microsoft-standard-WSL2-x86_64-with-glibc2.36
[2026-03-02T00:43:16.017+0000] {logging_mixin.py:190} INFO - [2026-03-02T00:43:16.016+0000] {connection.py:1196} INFO - Connecting to GLOBAL Snowflake domain
[2026-03-02T00:43:16.017+0000] {logging_mixin.py:190} INFO - [2026-03-02T00:43:16.017+0000] {connection.py:1277} INFO - This connection is in OCSP Fail Open Mode. TLS Certificates would be checked for validity and revocation status. Any other Certificate Revocation related exceptions or OCSP Responder failures would be disregarded in favor of connectivity.
[2026-03-02T00:43:16.520+0000] {processor.py:925} INFO - DAG(s) 'WeatherData_ETL' retrieved from /opt/airflow/dags/weather_ETL.py
[2026-03-02T00:43:16.593+0000] {logging_mixin.py:190} INFO - [2026-03-02T00:43:16.593+0000] {dag.py:3229} INFO - Sync 1 DAGs
[2026-03-02T00:43:16.607+0000] {logging_mixin.py:190} INFO - [2026-03-02T00:43:16.607+0000] {dag.py:4156} INFO - Setting next_dagrun for WeatherData_ETL to 2026-03-01 02:30:00+00:00, run_after=2026-03-02 02:30:00+00:00
[2026-03-02T00:43:16.621+0000] {processor.py:208} INFO - Processing /opt/airflow/dags/weather_ETL.py took 0.646 seconds
[2026-03-02T00:43:46.935+0000] {processor.py:186} INFO - Started process (PID=382) to work on /opt/airflow/dags/weather_ETL.py
[2026-03-02T00:43:46.935+0000] {processor.py:914} INFO - Processing file /opt/airflow/dags/weather_ETL.py for tasks to queue
[2026-03-02T00:43:46.938+0000] {logging_mixin.py:190} INFO - [2026-03-02T00:43:46.938+0000] {dagbag.py:587} INFO - Filling up the DagBag from /opt/airflow/dags/weather_ETL.py
[2026-03-02T00:43:46.970+0000] {logging_mixin.py:190} INFO - [2026-03-02T00:43:46.970+0000] {base.py:84} INFO - Retrieving connection 'snowflake_con'
[2026-03-02T00:43:46.971+0000] {logging_mixin.py:190} INFO - [2026-03-02T00:43:46.971+0000] {connection.py:413} INFO - Snowflake Connector for Python Version: 3.12.1, Python Version: 3.12.5, Platform: Linux-6.6.87.2-microsoft-standard-WSL2-x86_64-with-glibc2.36
[2026-03-02T00:43:46.972+0000] {logging_mixin.py:190} INFO - [2026-03-02T00:43:46.972+0000] {connection.py:1196} INFO - Connecting to GLOBAL Snowflake domain
[2026-03-02T00:43:46.972+0000] {logging_mixin.py:190} INFO - [2026-03-02T00:43:46.972+0000] {connection.py:1277} INFO - This connection is in OCSP Fail Open Mode. TLS Certificates would be checked for validity and revocation status. Any other Certificate Revocation related exceptions or OCSP Responder failures would be disregarded in favor of connectivity.
[2026-03-02T00:43:48.215+0000] {processor.py:925} INFO - DAG(s) 'WeatherData_ETL' retrieved from /opt/airflow/dags/weather_ETL.py
[2026-03-02T00:43:48.285+0000] {logging_mixin.py:190} INFO - [2026-03-02T00:43:48.285+0000] {dag.py:3229} INFO - Sync 1 DAGs
[2026-03-02T00:43:48.301+0000] {logging_mixin.py:190} INFO - [2026-03-02T00:43:48.301+0000] {dag.py:4156} INFO - Setting next_dagrun for WeatherData_ETL to 2026-03-01 02:30:00+00:00, run_after=2026-03-02 02:30:00+00:00
[2026-03-02T00:43:48.321+0000] {processor.py:208} INFO - Processing /opt/airflow/dags/weather_ETL.py took 1.392 seconds
[2026-03-02T00:44:18.473+0000] {processor.py:186} INFO - Started process (PID=393) to work on /opt/airflow/dags/weather_ETL.py
[2026-03-02T00:44:18.474+0000] {processor.py:914} INFO - Processing file /opt/airflow/dags/weather_ETL.py for tasks to queue
[2026-03-02T00:44:18.476+0000] {logging_mixin.py:190} INFO - [2026-03-02T00:44:18.476+0000] {dagbag.py:587} INFO - Filling up the DagBag from /opt/airflow/dags/weather_ETL.py
[2026-03-02T00:44:18.508+0000] {logging_mixin.py:190} INFO - [2026-03-02T00:44:18.507+0000] {base.py:84} INFO - Retrieving connection 'snowflake_con'
[2026-03-02T00:44:18.509+0000] {logging_mixin.py:190} INFO - [2026-03-02T00:44:18.509+0000] {connection.py:413} INFO - Snowflake Connector for Python Version: 3.12.1, Python Version: 3.12.5, Platform: Linux-6.6.87.2-microsoft-standard-WSL2-x86_64-with-glibc2.36
[2026-03-02T00:44:18.510+0000] {logging_mixin.py:190} INFO - [2026-03-02T00:44:18.510+0000] {connection.py:1196} INFO - Connecting to GLOBAL Snowflake domain
[2026-03-02T00:44:18.510+0000] {logging_mixin.py:190} INFO - [2026-03-02T00:44:18.510+0000] {connection.py:1277} INFO - This connection is in OCSP Fail Open Mode. TLS Certificates would be checked for validity and revocation status. Any other Certificate Revocation related exceptions or OCSP Responder failures would be disregarded in favor of connectivity.
[2026-03-02T00:44:19.106+0000] {processor.py:925} INFO - DAG(s) 'WeatherData_ETL' retrieved from /opt/airflow/dags/weather_ETL.py
[2026-03-02T00:44:19.189+0000] {logging_mixin.py:190} INFO - [2026-03-02T00:44:19.188+0000] {dag.py:3229} INFO - Sync 1 DAGs
[2026-03-02T00:44:19.206+0000] {logging_mixin.py:190} INFO - [2026-03-02T00:44:19.206+0000] {dag.py:4156} INFO - Setting next_dagrun for WeatherData_ETL to 2026-03-01 02:30:00+00:00, run_after=2026-03-02 02:30:00+00:00
[2026-03-02T00:44:19.219+0000] {processor.py:208} INFO - Processing /opt/airflow/dags/weather_ETL.py took 0.750 seconds
[2026-03-02T00:44:49.975+0000] {processor.py:186} INFO - Started process (PID=405) to work on /opt/airflow/dags/weather_ETL.py
[2026-03-02T00:44:49.976+0000] {processor.py:914} INFO - Processing file /opt/airflow/dags/weather_ETL.py for tasks to queue
[2026-03-02T00:44:49.978+0000] {logging_mixin.py:190} INFO - [2026-03-02T00:44:49.978+0000] {dagbag.py:587} INFO - Filling up the DagBag from /opt/airflow/dags/weather_ETL.py
[2026-03-02T00:44:50.005+0000] {logging_mixin.py:190} INFO - [2026-03-02T00:44:50.005+0000] {base.py:84} INFO - Retrieving connection 'snowflake_con'
[2026-03-02T00:44:50.006+0000] {logging_mixin.py:190} INFO - [2026-03-02T00:44:50.006+0000] {connection.py:413} INFO - Snowflake Connector for Python Version: 3.12.1, Python Version: 3.12.5, Platform: Linux-6.6.87.2-microsoft-standard-WSL2-x86_64-with-glibc2.36
[2026-03-02T00:44:50.007+0000] {logging_mixin.py:190} INFO - [2026-03-02T00:44:50.007+0000] {connection.py:1196} INFO - Connecting to GLOBAL Snowflake domain
[2026-03-02T00:44:50.008+0000] {logging_mixin.py:190} INFO - [2026-03-02T00:44:50.007+0000] {connection.py:1277} INFO - This connection is in OCSP Fail Open Mode. TLS Certificates would be checked for validity and revocation status. Any other Certificate Revocation related exceptions or OCSP Responder failures would be disregarded in favor of connectivity.
[2026-03-02T00:44:51.609+0000] {processor.py:925} INFO - DAG(s) 'WeatherData_ETL' retrieved from /opt/airflow/dags/weather_ETL.py
[2026-03-02T00:44:51.670+0000] {logging_mixin.py:190} INFO - [2026-03-02T00:44:51.669+0000] {dag.py:3229} INFO - Sync 1 DAGs
[2026-03-02T00:44:51.682+0000] {logging_mixin.py:190} INFO - [2026-03-02T00:44:51.681+0000] {dag.py:4156} INFO - Setting next_dagrun for WeatherData_ETL to 2026-03-01 02:30:00+00:00, run_after=2026-03-02 02:30:00+00:00
[2026-03-02T00:44:51.695+0000] {processor.py:208} INFO - Processing /opt/airflow/dags/weather_ETL.py took 1.724 seconds
[2026-03-02T00:45:22.005+0000] {processor.py:186} INFO - Started process (PID=417) to work on /opt/airflow/dags/weather_ETL.py
[2026-03-02T00:45:22.005+0000] {processor.py:914} INFO - Processing file /opt/airflow/dags/weather_ETL.py for tasks to queue
[2026-03-02T00:45:22.007+0000] {logging_mixin.py:190} INFO - [2026-03-02T00:45:22.007+0000] {dagbag.py:587} INFO - Filling up the DagBag from /opt/airflow/dags/weather_ETL.py
[2026-03-02T00:45:22.034+0000] {logging_mixin.py:190} INFO - [2026-03-02T00:45:22.034+0000] {base.py:84} INFO - Retrieving connection 'snowflake_con'
[2026-03-02T00:45:22.035+0000] {logging_mixin.py:190} INFO - [2026-03-02T00:45:22.035+0000] {connection.py:413} INFO - Snowflake Connector for Python Version: 3.12.1, Python Version: 3.12.5, Platform: Linux-6.6.87.2-microsoft-standard-WSL2-x86_64-with-glibc2.36
[2026-03-02T00:45:22.036+0000] {logging_mixin.py:190} INFO - [2026-03-02T00:45:22.036+0000] {connection.py:1196} INFO - Connecting to GLOBAL Snowflake domain
[2026-03-02T00:45:22.036+0000] {logging_mixin.py:190} INFO - [2026-03-02T00:45:22.036+0000] {connection.py:1277} INFO - This connection is in OCSP Fail Open Mode. TLS Certificates would be checked for validity and revocation status. Any other Certificate Revocation related exceptions or OCSP Responder failures would be disregarded in favor of connectivity.
[2026-03-02T00:45:22.575+0000] {processor.py:925} INFO - DAG(s) 'WeatherData_ETL' retrieved from /opt/airflow/dags/weather_ETL.py
[2026-03-02T00:45:22.635+0000] {logging_mixin.py:190} INFO - [2026-03-02T00:45:22.635+0000] {dag.py:3229} INFO - Sync 1 DAGs
[2026-03-02T00:45:22.647+0000] {logging_mixin.py:190} INFO - [2026-03-02T00:45:22.647+0000] {dag.py:4156} INFO - Setting next_dagrun for WeatherData_ETL to 2026-03-01 02:30:00+00:00, run_after=2026-03-02 02:30:00+00:00
[2026-03-02T00:45:22.659+0000] {processor.py:208} INFO - Processing /opt/airflow/dags/weather_ETL.py took 0.659 seconds
[2026-03-02T00:45:53.407+0000] {processor.py:186} INFO - Started process (PID=431) to work on /opt/airflow/dags/weather_ETL.py
[2026-03-02T00:45:53.407+0000] {processor.py:914} INFO - Processing file /opt/airflow/dags/weather_ETL.py for tasks to queue
[2026-03-02T00:45:53.409+0000] {logging_mixin.py:190} INFO - [2026-03-02T00:45:53.409+0000] {dagbag.py:587} INFO - Filling up the DagBag from /opt/airflow/dags/weather_ETL.py
[2026-03-02T00:45:53.433+0000] {logging_mixin.py:190} INFO - [2026-03-02T00:45:53.433+0000] {base.py:84} INFO - Retrieving connection 'snowflake_con'
[2026-03-02T00:45:53.434+0000] {logging_mixin.py:190} INFO - [2026-03-02T00:45:53.434+0000] {connection.py:413} INFO - Snowflake Connector for Python Version: 3.12.1, Python Version: 3.12.5, Platform: Linux-6.6.87.2-microsoft-standard-WSL2-x86_64-with-glibc2.36
[2026-03-02T00:45:53.435+0000] {logging_mixin.py:190} INFO - [2026-03-02T00:45:53.435+0000] {connection.py:1196} INFO - Connecting to GLOBAL Snowflake domain
[2026-03-02T00:45:53.435+0000] {logging_mixin.py:190} INFO - [2026-03-02T00:45:53.435+0000] {connection.py:1277} INFO - This connection is in OCSP Fail Open Mode. TLS Certificates would be checked for validity and revocation status. Any other Certificate Revocation related exceptions or OCSP Responder failures would be disregarded in favor of connectivity.
[2026-03-02T00:45:53.951+0000] {processor.py:925} INFO - DAG(s) 'WeatherData_ETL' retrieved from /opt/airflow/dags/weather_ETL.py
[2026-03-02T00:45:53.962+0000] {logging_mixin.py:190} INFO - [2026-03-02T00:45:53.962+0000] {dag.py:3229} INFO - Sync 1 DAGs
[2026-03-02T00:45:53.976+0000] {logging_mixin.py:190} INFO - [2026-03-02T00:45:53.976+0000] {dag.py:4156} INFO - Setting next_dagrun for WeatherData_ETL to 2026-03-01 02:30:00+00:00, run_after=2026-03-02 02:30:00+00:00
[2026-03-02T00:45:53.989+0000] {processor.py:208} INFO - Processing /opt/airflow/dags/weather_ETL.py took 0.587 seconds
[2026-03-02T00:46:25.871+0000] {processor.py:186} INFO - Started process (PID=443) to work on /opt/airflow/dags/weather_ETL.py
[2026-03-02T00:46:25.872+0000] {processor.py:914} INFO - Processing file /opt/airflow/dags/weather_ETL.py for tasks to queue
[2026-03-02T00:46:25.874+0000] {logging_mixin.py:190} INFO - [2026-03-02T00:46:25.873+0000] {dagbag.py:587} INFO - Filling up the DagBag from /opt/airflow/dags/weather_ETL.py
[2026-03-02T00:46:25.897+0000] {logging_mixin.py:190} INFO - [2026-03-02T00:46:25.897+0000] {base.py:84} INFO - Retrieving connection 'snowflake_con'
[2026-03-02T00:46:25.898+0000] {logging_mixin.py:190} INFO - [2026-03-02T00:46:25.898+0000] {connection.py:413} INFO - Snowflake Connector for Python Version: 3.12.1, Python Version: 3.12.5, Platform: Linux-6.6.87.2-microsoft-standard-WSL2-x86_64-with-glibc2.36
[2026-03-02T00:46:25.899+0000] {logging_mixin.py:190} INFO - [2026-03-02T00:46:25.899+0000] {connection.py:1196} INFO - Connecting to GLOBAL Snowflake domain
[2026-03-02T00:46:25.899+0000] {logging_mixin.py:190} INFO - [2026-03-02T00:46:25.899+0000] {connection.py:1277} INFO - This connection is in OCSP Fail Open Mode. TLS Certificates would be checked for validity and revocation status. Any other Certificate Revocation related exceptions or OCSP Responder failures would be disregarded in favor of connectivity.
[2026-03-02T00:46:26.843+0000] {processor.py:925} INFO - DAG(s) 'WeatherData_ETL' retrieved from /opt/airflow/dags/weather_ETL.py
[2026-03-02T00:46:26.854+0000] {logging_mixin.py:190} INFO - [2026-03-02T00:46:26.854+0000] {dag.py:3229} INFO - Sync 1 DAGs
[2026-03-02T00:46:26.870+0000] {logging_mixin.py:190} INFO - [2026-03-02T00:46:26.870+0000] {dag.py:4156} INFO - Setting next_dagrun for WeatherData_ETL to 2026-03-01 02:30:00+00:00, run_after=2026-03-02 02:30:00+00:00
[2026-03-02T00:46:26.883+0000] {processor.py:208} INFO - Processing /opt/airflow/dags/weather_ETL.py took 1.015 seconds
[2026-03-02T00:46:58.730+0000] {processor.py:186} INFO - Started process (PID=465) to work on /opt/airflow/dags/weather_ETL.py
[2026-03-02T00:46:58.731+0000] {processor.py:914} INFO - Processing file /opt/airflow/dags/weather_ETL.py for tasks to queue
[2026-03-02T00:46:58.733+0000] {logging_mixin.py:190} INFO - [2026-03-02T00:46:58.733+0000] {dagbag.py:587} INFO - Filling up the DagBag from /opt/airflow/dags/weather_ETL.py
[2026-03-02T00:46:58.760+0000] {logging_mixin.py:190} INFO - [2026-03-02T00:46:58.760+0000] {base.py:84} INFO - Retrieving connection 'snowflake_con'
[2026-03-02T00:46:58.761+0000] {logging_mixin.py:190} INFO - [2026-03-02T00:46:58.761+0000] {connection.py:413} INFO - Snowflake Connector for Python Version: 3.12.1, Python Version: 3.12.5, Platform: Linux-6.6.87.2-microsoft-standard-WSL2-x86_64-with-glibc2.36
[2026-03-02T00:46:58.762+0000] {logging_mixin.py:190} INFO - [2026-03-02T00:46:58.762+0000] {connection.py:1196} INFO - Connecting to GLOBAL Snowflake domain
[2026-03-02T00:46:58.762+0000] {logging_mixin.py:190} INFO - [2026-03-02T00:46:58.762+0000] {connection.py:1277} INFO - This connection is in OCSP Fail Open Mode. TLS Certificates would be checked for validity and revocation status. Any other Certificate Revocation related exceptions or OCSP Responder failures would be disregarded in favor of connectivity.
[2026-03-02T00:46:59.323+0000] {processor.py:925} INFO - DAG(s) 'WeatherData_ETL' retrieved from /opt/airflow/dags/weather_ETL.py
[2026-03-02T00:46:59.335+0000] {logging_mixin.py:190} INFO - [2026-03-02T00:46:59.335+0000] {dag.py:3229} INFO - Sync 1 DAGs
[2026-03-02T00:46:59.352+0000] {logging_mixin.py:190} INFO - [2026-03-02T00:46:59.352+0000] {dag.py:4156} INFO - Setting next_dagrun for WeatherData_ETL to 2026-03-01 02:30:00+00:00, run_after=2026-03-02 02:30:00+00:00
[2026-03-02T00:46:59.365+0000] {processor.py:208} INFO - Processing /opt/airflow/dags/weather_ETL.py took 0.638 seconds
[2026-03-02T00:47:31.242+0000] {processor.py:186} INFO - Started process (PID=478) to work on /opt/airflow/dags/weather_ETL.py
[2026-03-02T00:47:31.243+0000] {processor.py:914} INFO - Processing file /opt/airflow/dags/weather_ETL.py for tasks to queue
[2026-03-02T00:47:31.244+0000] {logging_mixin.py:190} INFO - [2026-03-02T00:47:31.244+0000] {dagbag.py:587} INFO - Filling up the DagBag from /opt/airflow/dags/weather_ETL.py
[2026-03-02T00:47:31.273+0000] {logging_mixin.py:190} INFO - [2026-03-02T00:47:31.273+0000] {base.py:84} INFO - Retrieving connection 'snowflake_con'
[2026-03-02T00:47:31.274+0000] {logging_mixin.py:190} INFO - [2026-03-02T00:47:31.274+0000] {connection.py:413} INFO - Snowflake Connector for Python Version: 3.12.1, Python Version: 3.12.5, Platform: Linux-6.6.87.2-microsoft-standard-WSL2-x86_64-with-glibc2.36
[2026-03-02T00:47:31.275+0000] {logging_mixin.py:190} INFO - [2026-03-02T00:47:31.275+0000] {connection.py:1196} INFO - Connecting to GLOBAL Snowflake domain
[2026-03-02T00:47:31.275+0000] {logging_mixin.py:190} INFO - [2026-03-02T00:47:31.275+0000] {connection.py:1277} INFO - This connection is in OCSP Fail Open Mode. TLS Certificates would be checked for validity and revocation status. Any other Certificate Revocation related exceptions or OCSP Responder failures would be disregarded in favor of connectivity.
[2026-03-02T00:47:32.765+0000] {processor.py:925} INFO - DAG(s) 'WeatherData_ETL' retrieved from /opt/airflow/dags/weather_ETL.py
[2026-03-02T00:47:32.777+0000] {logging_mixin.py:190} INFO - [2026-03-02T00:47:32.777+0000] {dag.py:3229} INFO - Sync 1 DAGs
[2026-03-02T00:47:32.794+0000] {logging_mixin.py:190} INFO - [2026-03-02T00:47:32.794+0000] {dag.py:4156} INFO - Setting next_dagrun for WeatherData_ETL to 2026-03-01 02:30:00+00:00, run_after=2026-03-02 02:30:00+00:00
[2026-03-02T00:47:32.808+0000] {processor.py:208} INFO - Processing /opt/airflow/dags/weather_ETL.py took 1.571 seconds
[2026-03-02T00:48:02.851+0000] {processor.py:186} INFO - Started process (PID=489) to work on /opt/airflow/dags/weather_ETL.py
[2026-03-02T00:48:02.852+0000] {processor.py:914} INFO - Processing file /opt/airflow/dags/weather_ETL.py for tasks to queue
[2026-03-02T00:48:02.854+0000] {logging_mixin.py:190} INFO - [2026-03-02T00:48:02.854+0000] {dagbag.py:587} INFO - Filling up the DagBag from /opt/airflow/dags/weather_ETL.py
[2026-03-02T00:48:02.884+0000] {logging_mixin.py:190} INFO - [2026-03-02T00:48:02.883+0000] {base.py:84} INFO - Retrieving connection 'snowflake_con'
[2026-03-02T00:48:02.885+0000] {logging_mixin.py:190} INFO - [2026-03-02T00:48:02.884+0000] {connection.py:413} INFO - Snowflake Connector for Python Version: 3.12.1, Python Version: 3.12.5, Platform: Linux-6.6.87.2-microsoft-standard-WSL2-x86_64-with-glibc2.36
[2026-03-02T00:48:02.886+0000] {logging_mixin.py:190} INFO - [2026-03-02T00:48:02.886+0000] {connection.py:1196} INFO - Connecting to GLOBAL Snowflake domain
[2026-03-02T00:48:02.886+0000] {logging_mixin.py:190} INFO - [2026-03-02T00:48:02.886+0000] {connection.py:1277} INFO - This connection is in OCSP Fail Open Mode. TLS Certificates would be checked for validity and revocation status. Any other Certificate Revocation related exceptions or OCSP Responder failures would be disregarded in favor of connectivity.
[2026-03-02T00:48:03.459+0000] {processor.py:925} INFO - DAG(s) 'WeatherData_ETL' retrieved from /opt/airflow/dags/weather_ETL.py
[2026-03-02T00:48:03.472+0000] {logging_mixin.py:190} INFO - [2026-03-02T00:48:03.472+0000] {dag.py:3229} INFO - Sync 1 DAGs
[2026-03-02T00:48:03.489+0000] {logging_mixin.py:190} INFO - [2026-03-02T00:48:03.489+0000] {dag.py:4156} INFO - Setting next_dagrun for WeatherData_ETL to 2026-03-01 02:30:00+00:00, run_after=2026-03-02 02:30:00+00:00
[2026-03-02T00:48:03.504+0000] {processor.py:208} INFO - Processing /opt/airflow/dags/weather_ETL.py took 0.657 seconds
[2026-03-02T00:48:33.620+0000] {processor.py:186} INFO - Started process (PID=500) to work on /opt/airflow/dags/weather_ETL.py
[2026-03-02T00:48:33.620+0000] {processor.py:914} INFO - Processing file /opt/airflow/dags/weather_ETL.py for tasks to queue
[2026-03-02T00:48:33.622+0000] {logging_mixin.py:190} INFO - [2026-03-02T00:48:33.622+0000] {dagbag.py:587} INFO - Filling up the DagBag from /opt/airflow/dags/weather_ETL.py
[2026-03-02T00:48:33.648+0000] {logging_mixin.py:190} INFO - [2026-03-02T00:48:33.648+0000] {base.py:84} INFO - Retrieving connection 'snowflake_con'
[2026-03-02T00:48:33.649+0000] {logging_mixin.py:190} INFO - [2026-03-02T00:48:33.649+0000] {connection.py:413} INFO - Snowflake Connector for Python Version: 3.12.1, Python Version: 3.12.5, Platform: Linux-6.6.87.2-microsoft-standard-WSL2-x86_64-with-glibc2.36
[2026-03-02T00:48:33.650+0000] {logging_mixin.py:190} INFO - [2026-03-02T00:48:33.650+0000] {connection.py:1196} INFO - Connecting to GLOBAL Snowflake domain
[2026-03-02T00:48:33.651+0000] {logging_mixin.py:190} INFO - [2026-03-02T00:48:33.651+0000] {connection.py:1277} INFO - This connection is in OCSP Fail Open Mode. TLS Certificates would be checked for validity and revocation status. Any other Certificate Revocation related exceptions or OCSP Responder failures would be disregarded in favor of connectivity.
[2026-03-02T00:48:34.189+0000] {processor.py:925} INFO - DAG(s) 'WeatherData_ETL' retrieved from /opt/airflow/dags/weather_ETL.py
[2026-03-02T00:48:34.271+0000] {logging_mixin.py:190} INFO - [2026-03-02T00:48:34.270+0000] {dag.py:3229} INFO - Sync 1 DAGs
[2026-03-02T00:48:34.287+0000] {logging_mixin.py:190} INFO - [2026-03-02T00:48:34.287+0000] {dag.py:4156} INFO - Setting next_dagrun for WeatherData_ETL to 2026-03-01 02:30:00+00:00, run_after=2026-03-02 02:30:00+00:00
[2026-03-02T00:48:34.302+0000] {processor.py:208} INFO - Processing /opt/airflow/dags/weather_ETL.py took 0.687 seconds
[2026-03-02T00:49:05.088+0000] {processor.py:186} INFO - Started process (PID=511) to work on /opt/airflow/dags/weather_ETL.py
[2026-03-02T00:49:05.089+0000] {processor.py:914} INFO - Processing file /opt/airflow/dags/weather_ETL.py for tasks to queue
[2026-03-02T00:49:05.091+0000] {logging_mixin.py:190} INFO - [2026-03-02T00:49:05.091+0000] {dagbag.py:587} INFO - Filling up the DagBag from /opt/airflow/dags/weather_ETL.py
[2026-03-02T00:49:05.121+0000] {logging_mixin.py:190} INFO - [2026-03-02T00:49:05.121+0000] {base.py:84} INFO - Retrieving connection 'snowflake_con'
[2026-03-02T00:49:05.123+0000] {logging_mixin.py:190} INFO - [2026-03-02T00:49:05.122+0000] {connection.py:413} INFO - Snowflake Connector for Python Version: 3.12.1, Python Version: 3.12.5, Platform: Linux-6.6.87.2-microsoft-standard-WSL2-x86_64-with-glibc2.36
[2026-03-02T00:49:05.124+0000] {logging_mixin.py:190} INFO - [2026-03-02T00:49:05.123+0000] {connection.py:1196} INFO - Connecting to GLOBAL Snowflake domain
[2026-03-02T00:49:05.124+0000] {logging_mixin.py:190} INFO - [2026-03-02T00:49:05.124+0000] {connection.py:1277} INFO - This connection is in OCSP Fail Open Mode. TLS Certificates would be checked for validity and revocation status. Any other Certificate Revocation related exceptions or OCSP Responder failures would be disregarded in favor of connectivity.
[2026-03-02T00:49:05.838+0000] {processor.py:925} INFO - DAG(s) 'WeatherData_ETL' retrieved from /opt/airflow/dags/weather_ETL.py
[2026-03-02T00:49:05.913+0000] {logging_mixin.py:190} INFO - [2026-03-02T00:49:05.913+0000] {dag.py:3229} INFO - Sync 1 DAGs
[2026-03-02T00:49:05.929+0000] {logging_mixin.py:190} INFO - [2026-03-02T00:49:05.928+0000] {dag.py:4156} INFO - Setting next_dagrun for WeatherData_ETL to 2026-03-01 02:30:00+00:00, run_after=2026-03-02 02:30:00+00:00
[2026-03-02T00:49:05.945+0000] {processor.py:208} INFO - Processing /opt/airflow/dags/weather_ETL.py took 0.861 seconds
[2026-03-02T00:49:36.730+0000] {processor.py:186} INFO - Started process (PID=522) to work on /opt/airflow/dags/weather_ETL.py
[2026-03-02T00:49:36.730+0000] {processor.py:914} INFO - Processing file /opt/airflow/dags/weather_ETL.py for tasks to queue
[2026-03-02T00:49:36.732+0000] {logging_mixin.py:190} INFO - [2026-03-02T00:49:36.732+0000] {dagbag.py:587} INFO - Filling up the DagBag from /opt/airflow/dags/weather_ETL.py
[2026-03-02T00:49:36.761+0000] {logging_mixin.py:190} INFO - [2026-03-02T00:49:36.761+0000] {base.py:84} INFO - Retrieving connection 'snowflake_con'
[2026-03-02T00:49:36.762+0000] {logging_mixin.py:190} INFO - [2026-03-02T00:49:36.762+0000] {connection.py:413} INFO - Snowflake Connector for Python Version: 3.12.1, Python Version: 3.12.5, Platform: Linux-6.6.87.2-microsoft-standard-WSL2-x86_64-with-glibc2.36
[2026-03-02T00:49:36.763+0000] {logging_mixin.py:190} INFO - [2026-03-02T00:49:36.763+0000] {connection.py:1196} INFO - Connecting to GLOBAL Snowflake domain
[2026-03-02T00:49:36.763+0000] {logging_mixin.py:190} INFO - [2026-03-02T00:49:36.763+0000] {connection.py:1277} INFO - This connection is in OCSP Fail Open Mode. TLS Certificates would be checked for validity and revocation status. Any other Certificate Revocation related exceptions or OCSP Responder failures would be disregarded in favor of connectivity.
[2026-03-02T00:49:37.540+0000] {processor.py:925} INFO - DAG(s) 'WeatherData_ETL' retrieved from /opt/airflow/dags/weather_ETL.py
[2026-03-02T00:49:37.553+0000] {logging_mixin.py:190} INFO - [2026-03-02T00:49:37.552+0000] {dag.py:3229} INFO - Sync 1 DAGs
[2026-03-02T00:49:37.569+0000] {logging_mixin.py:190} INFO - [2026-03-02T00:49:37.569+0000] {dag.py:4156} INFO - Setting next_dagrun for WeatherData_ETL to 2026-03-01 02:30:00+00:00, run_after=2026-03-02 02:30:00+00:00
[2026-03-02T00:49:37.581+0000] {processor.py:208} INFO - Processing /opt/airflow/dags/weather_ETL.py took 0.856 seconds
[2026-03-02T00:50:07.778+0000] {processor.py:186} INFO - Started process (PID=533) to work on /opt/airflow/dags/weather_ETL.py
[2026-03-02T00:50:07.778+0000] {processor.py:914} INFO - Processing file /opt/airflow/dags/weather_ETL.py for tasks to queue
[2026-03-02T00:50:07.781+0000] {logging_mixin.py:190} INFO - [2026-03-02T00:50:07.781+0000] {dagbag.py:587} INFO - Filling up the DagBag from /opt/airflow/dags/weather_ETL.py
[2026-03-02T00:50:07.808+0000] {logging_mixin.py:190} INFO - [2026-03-02T00:50:07.808+0000] {base.py:84} INFO - Retrieving connection 'snowflake_con'
[2026-03-02T00:50:07.809+0000] {logging_mixin.py:190} INFO - [2026-03-02T00:50:07.809+0000] {connection.py:413} INFO - Snowflake Connector for Python Version: 3.12.1, Python Version: 3.12.5, Platform: Linux-6.6.87.2-microsoft-standard-WSL2-x86_64-with-glibc2.36
[2026-03-02T00:50:07.809+0000] {logging_mixin.py:190} INFO - [2026-03-02T00:50:07.809+0000] {connection.py:1196} INFO - Connecting to GLOBAL Snowflake domain
[2026-03-02T00:50:07.810+0000] {logging_mixin.py:190} INFO - [2026-03-02T00:50:07.810+0000] {connection.py:1277} INFO - This connection is in OCSP Fail Open Mode. TLS Certificates would be checked for validity and revocation status. Any other Certificate Revocation related exceptions or OCSP Responder failures would be disregarded in favor of connectivity.
[2026-03-02T00:50:08.487+0000] {processor.py:925} INFO - DAG(s) 'WeatherData_ETL' retrieved from /opt/airflow/dags/weather_ETL.py
[2026-03-02T00:50:08.576+0000] {logging_mixin.py:190} INFO - [2026-03-02T00:50:08.575+0000] {dag.py:3229} INFO - Sync 1 DAGs
[2026-03-02T00:50:08.587+0000] {logging_mixin.py:190} INFO - [2026-03-02T00:50:08.587+0000] {dag.py:4156} INFO - Setting next_dagrun for WeatherData_ETL to 2026-03-01 02:30:00+00:00, run_after=2026-03-02 02:30:00+00:00
[2026-03-02T00:50:08.600+0000] {processor.py:208} INFO - Processing /opt/airflow/dags/weather_ETL.py took 0.827 seconds
[2026-03-02T00:50:40.304+0000] {processor.py:186} INFO - Started process (PID=554) to work on /opt/airflow/dags/weather_ETL.py
[2026-03-02T00:50:40.305+0000] {processor.py:914} INFO - Processing file /opt/airflow/dags/weather_ETL.py for tasks to queue
[2026-03-02T00:50:40.307+0000] {logging_mixin.py:190} INFO - [2026-03-02T00:50:40.307+0000] {dagbag.py:587} INFO - Filling up the DagBag from /opt/airflow/dags/weather_ETL.py
[2026-03-02T00:50:40.341+0000] {logging_mixin.py:190} INFO - [2026-03-02T00:50:40.340+0000] {base.py:84} INFO - Retrieving connection 'snowflake_con'
[2026-03-02T00:50:40.342+0000] {logging_mixin.py:190} INFO - [2026-03-02T00:50:40.342+0000] {connection.py:413} INFO - Snowflake Connector for Python Version: 3.12.1, Python Version: 3.12.5, Platform: Linux-6.6.87.2-microsoft-standard-WSL2-x86_64-with-glibc2.36
[2026-03-02T00:50:40.343+0000] {logging_mixin.py:190} INFO - [2026-03-02T00:50:40.343+0000] {connection.py:1196} INFO - Connecting to GLOBAL Snowflake domain
[2026-03-02T00:50:40.343+0000] {logging_mixin.py:190} INFO - [2026-03-02T00:50:40.343+0000] {connection.py:1277} INFO - This connection is in OCSP Fail Open Mode. TLS Certificates would be checked for validity and revocation status. Any other Certificate Revocation related exceptions or OCSP Responder failures would be disregarded in favor of connectivity.
[2026-03-02T00:50:40.853+0000] {processor.py:925} INFO - DAG(s) 'WeatherData_ETL' retrieved from /opt/airflow/dags/weather_ETL.py
[2026-03-02T00:50:40.916+0000] {logging_mixin.py:190} INFO - [2026-03-02T00:50:40.916+0000] {dag.py:3229} INFO - Sync 1 DAGs
[2026-03-02T00:50:40.928+0000] {logging_mixin.py:190} INFO - [2026-03-02T00:50:40.928+0000] {dag.py:4156} INFO - Setting next_dagrun for WeatherData_ETL to 2026-03-01 02:30:00+00:00, run_after=2026-03-02 02:30:00+00:00
[2026-03-02T00:50:40.940+0000] {processor.py:208} INFO - Processing /opt/airflow/dags/weather_ETL.py took 0.640 seconds
